2019-03-31 20:50:19,090 INFO 86318 [egg-schedule]: register schedule /Users/lupin/Documents/workspack/shop/node_modules/egg-logrotator/app/schedule/clean_log.js
2019-03-31 20:50:19,090 INFO 86318 [egg-schedule]: register schedule /Users/lupin/Documents/workspack/shop/node_modules/egg-logrotator/app/schedule/rotate_by_file.js
2019-03-31 20:50:19,415 INFO 86317 [Timer] /Users/lupin/Documents/workspack/shop/node_modules/egg-logrotator/app/schedule/clean_log.js next time will execute after 11380588ms at 2019-04-01 00:00:00.003
2019-03-31 20:50:19,415 INFO 86317 [Timer] /Users/lupin/Documents/workspack/shop/node_modules/egg-logrotator/app/schedule/rotate_by_file.js next time will execute after 11381585ms at 2019-04-01 00:00:01.000
2019-03-31 20:51:00,472 INFO 86327 [egg-schedule]: register schedule /Users/lupin/Documents/workspack/shop/node_modules/egg-logrotator/app/schedule/clean_log.js
2019-03-31 20:51:00,472 INFO 86327 [egg-schedule]: register schedule /Users/lupin/Documents/workspack/shop/node_modules/egg-logrotator/app/schedule/rotate_by_file.js
2019-03-31 20:51:00,747 INFO 86325 [Timer] /Users/lupin/Documents/workspack/shop/node_modules/egg-logrotator/app/schedule/clean_log.js next time will execute after 11339255ms at 2019-04-01 00:00:00.002
2019-03-31 20:51:00,748 INFO 86325 [Timer] /Users/lupin/Documents/workspack/shop/node_modules/egg-logrotator/app/schedule/rotate_by_file.js next time will execute after 11340252ms at 2019-04-01 00:00:01.000
2019-03-31 20:52:53,912 INFO 86348 [egg-schedule]: register schedule /Users/lupin/Documents/workspack/shop/node_modules/egg-logrotator/app/schedule/clean_log.js
2019-03-31 20:52:53,912 INFO 86348 [egg-schedule]: register schedule /Users/lupin/Documents/workspack/shop/node_modules/egg-logrotator/app/schedule/rotate_by_file.js
2019-03-31 20:52:54,198 INFO 86347 [Timer] /Users/lupin/Documents/workspack/shop/node_modules/egg-logrotator/app/schedule/clean_log.js next time will execute after 11225804ms at 2019-04-01 00:00:00.002
2019-03-31 20:52:54,198 INFO 86347 [Timer] /Users/lupin/Documents/workspack/shop/node_modules/egg-logrotator/app/schedule/rotate_by_file.js next time will execute after 11226802ms at 2019-04-01 00:00:01.000
2019-03-31 21:35:47,478 INFO 86648 [egg-schedule]: register schedule /Users/lupin/Documents/workspack/shop/node_modules/egg-logrotator/app/schedule/clean_log.js
2019-03-31 21:35:47,478 INFO 86648 [egg-schedule]: register schedule /Users/lupin/Documents/workspack/shop/node_modules/egg-logrotator/app/schedule/rotate_by_file.js
2019-03-31 21:35:47,813 INFO 86647 [Timer] /Users/lupin/Documents/workspack/shop/node_modules/egg-logrotator/app/schedule/clean_log.js next time will execute after 8652190ms at 2019-04-01 00:00:00.003
2019-03-31 21:35:47,813 INFO 86647 [Timer] /Users/lupin/Documents/workspack/shop/node_modules/egg-logrotator/app/schedule/rotate_by_file.js next time will execute after 8653187ms at 2019-04-01 00:00:01.000
2019-03-31 21:37:08,796 INFO 86656 [egg-schedule]: register schedule /Users/lupin/Documents/workspack/shop/node_modules/egg-logrotator/app/schedule/clean_log.js
2019-03-31 21:37:08,796 INFO 86656 [egg-schedule]: register schedule /Users/lupin/Documents/workspack/shop/node_modules/egg-logrotator/app/schedule/rotate_by_file.js
2019-03-31 21:37:09,065 INFO 86655 [Timer] /Users/lupin/Documents/workspack/shop/node_modules/egg-logrotator/app/schedule/clean_log.js next time will execute after 8570937ms at 2019-04-01 00:00:00.002
2019-03-31 21:37:09,065 INFO 86655 [Timer] /Users/lupin/Documents/workspack/shop/node_modules/egg-logrotator/app/schedule/rotate_by_file.js next time will execute after 8571935ms at 2019-04-01 00:00:01.000
2019-03-31 21:37:44,223 INFO 86664 [egg-schedule]: register schedule /Users/lupin/Documents/workspack/shop/node_modules/egg-logrotator/app/schedule/clean_log.js
2019-03-31 21:37:44,223 INFO 86664 [egg-schedule]: register schedule /Users/lupin/Documents/workspack/shop/node_modules/egg-logrotator/app/schedule/rotate_by_file.js
2019-03-31 21:37:44,504 INFO 86662 [Timer] /Users/lupin/Documents/workspack/shop/node_modules/egg-logrotator/app/schedule/clean_log.js next time will execute after 8535498ms at 2019-04-01 00:00:00.002
2019-03-31 21:37:44,504 INFO 86662 [Timer] /Users/lupin/Documents/workspack/shop/node_modules/egg-logrotator/app/schedule/rotate_by_file.js next time will execute after 8536496ms at 2019-04-01 00:00:01.000
2019-03-31 21:39:01,008 INFO 86665 [egg-schedule]: register schedule /Users/lupin/Documents/workspack/shop/node_modules/egg-logrotator/app/schedule/clean_log.js
2019-03-31 21:39:01,008 INFO 86665 [egg-schedule]: register schedule /Users/lupin/Documents/workspack/shop/node_modules/egg-logrotator/app/schedule/rotate_by_file.js
2019-04-03 11:01:32,241 INFO 99780 [egg-schedule]: register schedule /Users/lupin/Documents/workspack/shop/node_modules/egg-logrotator/app/schedule/clean_log.js
2019-04-03 11:01:32,241 INFO 99780 [egg-schedule]: register schedule /Users/lupin/Documents/workspack/shop/node_modules/egg-logrotator/app/schedule/rotate_by_file.js
2019-04-03 11:01:32,601 INFO 99779 [Timer] /Users/lupin/Documents/workspack/shop/node_modules/egg-logrotator/app/schedule/clean_log.js next time will execute after 46707401ms at 2019-04-04 00:00:00.002
2019-04-03 11:01:32,601 INFO 99779 [Timer] /Users/lupin/Documents/workspack/shop/node_modules/egg-logrotator/app/schedule/rotate_by_file.js next time will execute after 46708399ms at 2019-04-04 00:00:01.000
2019-04-08 11:16:25,649 INFO 869 [egg-schedule]: register schedule /Users/lupin/Documents/workspack/shop/node_modules/egg-logrotator/app/schedule/clean_log.js
2019-04-08 11:16:25,649 INFO 869 [egg-schedule]: register schedule /Users/lupin/Documents/workspack/shop/node_modules/egg-logrotator/app/schedule/rotate_by_file.js
2019-04-08 11:16:26,041 INFO 868 [Timer] /Users/lupin/Documents/workspack/shop/node_modules/egg-logrotator/app/schedule/clean_log.js next time will execute after 45813962ms at 2019-04-09 00:00:00.003
2019-04-08 11:16:26,041 INFO 868 [Timer] /Users/lupin/Documents/workspack/shop/node_modules/egg-logrotator/app/schedule/rotate_by_file.js next time will execute after 45814959ms at 2019-04-09 00:00:01.000
2019-04-08 11:19:25,597 INFO 872 [egg-schedule]: register schedule /Users/lupin/Documents/workspack/shop/node_modules/egg-logrotator/app/schedule/clean_log.js
2019-04-08 11:19:25,597 INFO 872 [egg-schedule]: register schedule /Users/lupin/Documents/workspack/shop/node_modules/egg-logrotator/app/schedule/rotate_by_file.js
2019-04-08 11:20:02,562 INFO 884 [egg-schedule]: register schedule /Users/lupin/Documents/workspack/shop/node_modules/egg-logrotator/app/schedule/clean_log.js
2019-04-08 11:20:02,562 INFO 884 [egg-schedule]: register schedule /Users/lupin/Documents/workspack/shop/node_modules/egg-logrotator/app/schedule/rotate_by_file.js
2019-04-08 11:25:49,601 INFO 913 [egg-schedule]: register schedule /Users/lupin/Documents/workspack/shop/node_modules/egg-logrotator/app/schedule/clean_log.js
2019-04-08 11:25:49,601 INFO 913 [egg-schedule]: register schedule /Users/lupin/Documents/workspack/shop/node_modules/egg-logrotator/app/schedule/rotate_by_file.js
2019-04-08 11:29:21,562 INFO 1029 [egg-schedule]: register schedule /Users/lupin/Documents/workspack/shop/node_modules/egg-logrotator/app/schedule/clean_log.js
2019-04-08 11:29:21,562 INFO 1029 [egg-schedule]: register schedule /Users/lupin/Documents/workspack/shop/node_modules/egg-logrotator/app/schedule/rotate_by_file.js
2019-04-08 11:29:35,771 INFO 1032 [egg-schedule]: register schedule /Users/lupin/Documents/workspack/shop/node_modules/egg-logrotator/app/schedule/clean_log.js
2019-04-08 11:29:35,771 INFO 1032 [egg-schedule]: register schedule /Users/lupin/Documents/workspack/shop/node_modules/egg-logrotator/app/schedule/rotate_by_file.js
2019-04-08 11:32:33,917 INFO 1039 [egg-schedule]: register schedule /Users/lupin/Documents/workspack/shop/node_modules/egg-logrotator/app/schedule/clean_log.js
2019-04-08 11:32:33,917 INFO 1039 [egg-schedule]: register schedule /Users/lupin/Documents/workspack/shop/node_modules/egg-logrotator/app/schedule/rotate_by_file.js
2019-04-08 11:32:58,213 INFO 1041 [egg-schedule]: register schedule /Users/lupin/Documents/workspack/shop/node_modules/egg-logrotator/app/schedule/clean_log.js
2019-04-08 11:32:58,213 INFO 1041 [egg-schedule]: register schedule /Users/lupin/Documents/workspack/shop/node_modules/egg-logrotator/app/schedule/rotate_by_file.js
2019-04-08 11:33:56,583 INFO 1044 [egg-schedule]: register schedule /Users/lupin/Documents/workspack/shop/node_modules/egg-logrotator/app/schedule/clean_log.js
2019-04-08 11:33:56,583 INFO 1044 [egg-schedule]: register schedule /Users/lupin/Documents/workspack/shop/node_modules/egg-logrotator/app/schedule/rotate_by_file.js
2019-04-08 11:37:18,945 INFO 1069 [egg-schedule]: register schedule /Users/lupin/Documents/workspack/shop/node_modules/egg-logrotator/app/schedule/clean_log.js
2019-04-08 11:37:18,945 INFO 1069 [egg-schedule]: register schedule /Users/lupin/Documents/workspack/shop/node_modules/egg-logrotator/app/schedule/rotate_by_file.js
2019-04-08 11:39:06,949 INFO 1084 [egg-schedule]: register schedule /Users/lupin/Documents/workspack/shop/node_modules/egg-logrotator/app/schedule/clean_log.js
2019-04-08 11:39:06,949 INFO 1084 [egg-schedule]: register schedule /Users/lupin/Documents/workspack/shop/node_modules/egg-logrotator/app/schedule/rotate_by_file.js
2019-04-08 11:39:51,271 INFO 1086 [egg-schedule]: register schedule /Users/lupin/Documents/workspack/shop/node_modules/egg-logrotator/app/schedule/clean_log.js
2019-04-08 11:39:51,271 INFO 1086 [egg-schedule]: register schedule /Users/lupin/Documents/workspack/shop/node_modules/egg-logrotator/app/schedule/rotate_by_file.js
2019-04-08 11:40:42,925 INFO 1087 [egg-schedule]: register schedule /Users/lupin/Documents/workspack/shop/node_modules/egg-logrotator/app/schedule/clean_log.js
2019-04-08 11:40:42,925 INFO 1087 [egg-schedule]: register schedule /Users/lupin/Documents/workspack/shop/node_modules/egg-logrotator/app/schedule/rotate_by_file.js
2019-04-08 11:42:24,840 INFO 1089 [egg-schedule]: register schedule /Users/lupin/Documents/workspack/shop/node_modules/egg-logrotator/app/schedule/clean_log.js
2019-04-08 11:42:24,840 INFO 1089 [egg-schedule]: register schedule /Users/lupin/Documents/workspack/shop/node_modules/egg-logrotator/app/schedule/rotate_by_file.js
2019-04-08 11:42:43,911 INFO 1091 [egg-schedule]: register schedule /Users/lupin/Documents/workspack/shop/node_modules/egg-logrotator/app/schedule/clean_log.js
2019-04-08 11:42:43,911 INFO 1091 [egg-schedule]: register schedule /Users/lupin/Documents/workspack/shop/node_modules/egg-logrotator/app/schedule/rotate_by_file.js
2019-04-08 11:43:37,762 INFO 1094 [egg-schedule]: register schedule /Users/lupin/Documents/workspack/shop/node_modules/egg-logrotator/app/schedule/clean_log.js
2019-04-08 11:43:37,762 INFO 1094 [egg-schedule]: register schedule /Users/lupin/Documents/workspack/shop/node_modules/egg-logrotator/app/schedule/rotate_by_file.js
2019-04-08 11:44:46,113 INFO 1096 [egg-schedule]: register schedule /Users/lupin/Documents/workspack/shop/node_modules/egg-logrotator/app/schedule/clean_log.js
2019-04-08 11:44:46,113 INFO 1096 [egg-schedule]: register schedule /Users/lupin/Documents/workspack/shop/node_modules/egg-logrotator/app/schedule/rotate_by_file.js
2019-04-08 11:46:24,487 INFO 1098 [egg-schedule]: register schedule /Users/lupin/Documents/workspack/shop/node_modules/egg-logrotator/app/schedule/clean_log.js
2019-04-08 11:46:24,487 INFO 1098 [egg-schedule]: register schedule /Users/lupin/Documents/workspack/shop/node_modules/egg-logrotator/app/schedule/rotate_by_file.js
2019-04-08 11:47:29,787 INFO 1108 [egg-schedule]: register schedule /Users/lupin/Documents/workspack/shop/node_modules/egg-logrotator/app/schedule/clean_log.js
2019-04-08 11:47:29,787 INFO 1108 [egg-schedule]: register schedule /Users/lupin/Documents/workspack/shop/node_modules/egg-logrotator/app/schedule/rotate_by_file.js
2019-04-08 11:47:46,969 INFO 1109 [egg-schedule]: register schedule /Users/lupin/Documents/workspack/shop/node_modules/egg-logrotator/app/schedule/clean_log.js
2019-04-08 11:47:46,969 INFO 1109 [egg-schedule]: register schedule /Users/lupin/Documents/workspack/shop/node_modules/egg-logrotator/app/schedule/rotate_by_file.js
2019-04-08 11:47:59,225 INFO 1110 [egg-schedule]: register schedule /Users/lupin/Documents/workspack/shop/node_modules/egg-logrotator/app/schedule/clean_log.js
2019-04-08 11:47:59,225 INFO 1110 [egg-schedule]: register schedule /Users/lupin/Documents/workspack/shop/node_modules/egg-logrotator/app/schedule/rotate_by_file.js
2019-04-08 12:01:31,359 INFO 1144 [egg-schedule]: register schedule /Users/lupin/Documents/workspack/shop/node_modules/egg-logrotator/app/schedule/clean_log.js
2019-04-08 12:01:31,360 INFO 1144 [egg-schedule]: register schedule /Users/lupin/Documents/workspack/shop/node_modules/egg-logrotator/app/schedule/rotate_by_file.js
2019-04-08 12:01:55,733 INFO 1146 [egg-schedule]: register schedule /Users/lupin/Documents/workspack/shop/node_modules/egg-logrotator/app/schedule/clean_log.js
2019-04-08 12:01:55,733 INFO 1146 [egg-schedule]: register schedule /Users/lupin/Documents/workspack/shop/node_modules/egg-logrotator/app/schedule/rotate_by_file.js
2019-04-08 12:03:27,842 INFO 1162 [egg-schedule]: register schedule /Users/lupin/Documents/workspack/shop/node_modules/egg-logrotator/app/schedule/clean_log.js
2019-04-08 12:03:27,842 INFO 1162 [egg-schedule]: register schedule /Users/lupin/Documents/workspack/shop/node_modules/egg-logrotator/app/schedule/rotate_by_file.js
2019-04-08 12:03:51,280 INFO 1163 [egg-schedule]: register schedule /Users/lupin/Documents/workspack/shop/node_modules/egg-logrotator/app/schedule/clean_log.js
2019-04-08 12:03:51,280 INFO 1163 [egg-schedule]: register schedule /Users/lupin/Documents/workspack/shop/node_modules/egg-logrotator/app/schedule/rotate_by_file.js
2019-04-08 12:05:45,450 INFO 1166 [egg-schedule]: register schedule /Users/lupin/Documents/workspack/shop/node_modules/egg-logrotator/app/schedule/clean_log.js
2019-04-08 12:05:45,450 INFO 1166 [egg-schedule]: register schedule /Users/lupin/Documents/workspack/shop/node_modules/egg-logrotator/app/schedule/rotate_by_file.js
2019-04-08 12:05:58,467 INFO 1167 [egg-schedule]: register schedule /Users/lupin/Documents/workspack/shop/node_modules/egg-logrotator/app/schedule/clean_log.js
2019-04-08 12:05:58,468 INFO 1167 [egg-schedule]: register schedule /Users/lupin/Documents/workspack/shop/node_modules/egg-logrotator/app/schedule/rotate_by_file.js
2019-04-08 12:06:02,723 INFO 1168 [egg-schedule]: register schedule /Users/lupin/Documents/workspack/shop/node_modules/egg-logrotator/app/schedule/clean_log.js
2019-04-08 12:06:02,723 INFO 1168 [egg-schedule]: register schedule /Users/lupin/Documents/workspack/shop/node_modules/egg-logrotator/app/schedule/rotate_by_file.js
2019-04-08 12:06:08,158 INFO 1169 [egg-schedule]: register schedule /Users/lupin/Documents/workspack/shop/node_modules/egg-logrotator/app/schedule/clean_log.js
2019-04-08 12:06:08,158 INFO 1169 [egg-schedule]: register schedule /Users/lupin/Documents/workspack/shop/node_modules/egg-logrotator/app/schedule/rotate_by_file.js
2019-04-08 12:06:14,393 INFO 1170 [egg-schedule]: register schedule /Users/lupin/Documents/workspack/shop/node_modules/egg-logrotator/app/schedule/clean_log.js
2019-04-08 12:06:14,393 INFO 1170 [egg-schedule]: register schedule /Users/lupin/Documents/workspack/shop/node_modules/egg-logrotator/app/schedule/rotate_by_file.js
2019-04-08 12:06:25,954 INFO 1171 [egg-schedule]: register schedule /Users/lupin/Documents/workspack/shop/node_modules/egg-logrotator/app/schedule/clean_log.js
2019-04-08 12:06:25,954 INFO 1171 [egg-schedule]: register schedule /Users/lupin/Documents/workspack/shop/node_modules/egg-logrotator/app/schedule/rotate_by_file.js
2019-04-08 12:06:31,893 INFO 1172 [egg-schedule]: register schedule /Users/lupin/Documents/workspack/shop/node_modules/egg-logrotator/app/schedule/clean_log.js
2019-04-08 12:06:31,893 INFO 1172 [egg-schedule]: register schedule /Users/lupin/Documents/workspack/shop/node_modules/egg-logrotator/app/schedule/rotate_by_file.js
2019-04-08 12:06:37,186 INFO 1173 [egg-schedule]: register schedule /Users/lupin/Documents/workspack/shop/node_modules/egg-logrotator/app/schedule/clean_log.js
2019-04-08 12:06:37,186 INFO 1173 [egg-schedule]: register schedule /Users/lupin/Documents/workspack/shop/node_modules/egg-logrotator/app/schedule/rotate_by_file.js
2019-04-08 12:06:49,933 INFO 1182 [egg-schedule]: register schedule /Users/lupin/Documents/workspack/shop/node_modules/egg-logrotator/app/schedule/clean_log.js
2019-04-08 12:06:49,933 INFO 1182 [egg-schedule]: register schedule /Users/lupin/Documents/workspack/shop/node_modules/egg-logrotator/app/schedule/rotate_by_file.js
2019-04-08 12:07:24,972 INFO 1184 [egg-schedule]: register schedule /Users/lupin/Documents/workspack/shop/node_modules/egg-logrotator/app/schedule/clean_log.js
2019-04-08 12:07:24,972 INFO 1184 [egg-schedule]: register schedule /Users/lupin/Documents/workspack/shop/node_modules/egg-logrotator/app/schedule/rotate_by_file.js
2019-04-08 12:07:33,285 INFO 1185 [egg-schedule]: register schedule /Users/lupin/Documents/workspack/shop/node_modules/egg-logrotator/app/schedule/clean_log.js
2019-04-08 12:07:33,285 INFO 1185 [egg-schedule]: register schedule /Users/lupin/Documents/workspack/shop/node_modules/egg-logrotator/app/schedule/rotate_by_file.js
2019-04-08 12:07:41,993 INFO 1186 [egg-schedule]: register schedule /Users/lupin/Documents/workspack/shop/node_modules/egg-logrotator/app/schedule/clean_log.js
2019-04-08 12:07:41,993 INFO 1186 [egg-schedule]: register schedule /Users/lupin/Documents/workspack/shop/node_modules/egg-logrotator/app/schedule/rotate_by_file.js
2019-04-08 12:07:52,693 INFO 1187 [egg-schedule]: register schedule /Users/lupin/Documents/workspack/shop/node_modules/egg-logrotator/app/schedule/clean_log.js
2019-04-08 12:07:52,693 INFO 1187 [egg-schedule]: register schedule /Users/lupin/Documents/workspack/shop/node_modules/egg-logrotator/app/schedule/rotate_by_file.js
2019-04-08 12:08:25,129 INFO 1188 [egg-schedule]: register schedule /Users/lupin/Documents/workspack/shop/node_modules/egg-logrotator/app/schedule/clean_log.js
2019-04-08 12:08:25,129 INFO 1188 [egg-schedule]: register schedule /Users/lupin/Documents/workspack/shop/node_modules/egg-logrotator/app/schedule/rotate_by_file.js
2019-04-08 12:09:47,669 INFO 1191 [egg-schedule]: register schedule /Users/lupin/Documents/workspack/shop/node_modules/egg-logrotator/app/schedule/clean_log.js
2019-04-08 12:09:47,669 INFO 1191 [egg-schedule]: register schedule /Users/lupin/Documents/workspack/shop/node_modules/egg-logrotator/app/schedule/rotate_by_file.js
2019-04-08 12:10:01,364 INFO 1196 [egg-schedule]: register schedule /Users/lupin/Documents/workspack/shop/node_modules/egg-logrotator/app/schedule/clean_log.js
2019-04-08 12:10:01,364 INFO 1196 [egg-schedule]: register schedule /Users/lupin/Documents/workspack/shop/node_modules/egg-logrotator/app/schedule/rotate_by_file.js
2019-04-08 12:10:47,767 INFO 1205 [egg-schedule]: register schedule /Users/lupin/Documents/workspack/shop/node_modules/egg-logrotator/app/schedule/clean_log.js
2019-04-08 12:10:47,767 INFO 1205 [egg-schedule]: register schedule /Users/lupin/Documents/workspack/shop/node_modules/egg-logrotator/app/schedule/rotate_by_file.js
2019-04-08 12:11:10,046 INFO 1207 [egg-schedule]: register schedule /Users/lupin/Documents/workspack/shop/node_modules/egg-logrotator/app/schedule/clean_log.js
2019-04-08 12:11:10,046 INFO 1207 [egg-schedule]: register schedule /Users/lupin/Documents/workspack/shop/node_modules/egg-logrotator/app/schedule/rotate_by_file.js
2019-04-08 12:11:36,172 INFO 1208 [egg-schedule]: register schedule /Users/lupin/Documents/workspack/shop/node_modules/egg-logrotator/app/schedule/clean_log.js
2019-04-08 12:11:36,172 INFO 1208 [egg-schedule]: register schedule /Users/lupin/Documents/workspack/shop/node_modules/egg-logrotator/app/schedule/rotate_by_file.js
2019-04-08 12:12:02,037 INFO 1209 [egg-schedule]: register schedule /Users/lupin/Documents/workspack/shop/node_modules/egg-logrotator/app/schedule/clean_log.js
2019-04-08 12:12:02,037 INFO 1209 [egg-schedule]: register schedule /Users/lupin/Documents/workspack/shop/node_modules/egg-logrotator/app/schedule/rotate_by_file.js
2019-04-08 12:16:13,391 INFO 1229 [egg-schedule]: register schedule /Users/lupin/Documents/workspack/shop/node_modules/egg-logrotator/app/schedule/clean_log.js
2019-04-08 12:16:13,391 INFO 1229 [egg-schedule]: register schedule /Users/lupin/Documents/workspack/shop/node_modules/egg-logrotator/app/schedule/rotate_by_file.js
2019-04-08 12:16:37,768 INFO 1230 [egg-schedule]: register schedule /Users/lupin/Documents/workspack/shop/node_modules/egg-logrotator/app/schedule/clean_log.js
2019-04-08 12:16:37,768 INFO 1230 [egg-schedule]: register schedule /Users/lupin/Documents/workspack/shop/node_modules/egg-logrotator/app/schedule/rotate_by_file.js
2019-04-08 12:16:50,945 INFO 1231 [egg-schedule]: register schedule /Users/lupin/Documents/workspack/shop/node_modules/egg-logrotator/app/schedule/clean_log.js
2019-04-08 12:16:50,945 INFO 1231 [egg-schedule]: register schedule /Users/lupin/Documents/workspack/shop/node_modules/egg-logrotator/app/schedule/rotate_by_file.js
2019-04-08 12:16:51,850 INFO 1232 [egg-schedule]: register schedule /Users/lupin/Documents/workspack/shop/node_modules/egg-logrotator/app/schedule/clean_log.js
2019-04-08 12:16:51,850 INFO 1232 [egg-schedule]: register schedule /Users/lupin/Documents/workspack/shop/node_modules/egg-logrotator/app/schedule/rotate_by_file.js
2019-04-08 12:16:59,024 INFO 1240 [egg-schedule]: register schedule /Users/lupin/Documents/workspack/shop/node_modules/egg-logrotator/app/schedule/clean_log.js
2019-04-08 12:16:59,024 INFO 1240 [egg-schedule]: register schedule /Users/lupin/Documents/workspack/shop/node_modules/egg-logrotator/app/schedule/rotate_by_file.js
2019-04-08 12:17:40,751 INFO 1246 [egg-schedule]: register schedule /Users/lupin/Documents/workspack/shop/node_modules/egg-logrotator/app/schedule/clean_log.js
2019-04-08 12:17:40,751 INFO 1246 [egg-schedule]: register schedule /Users/lupin/Documents/workspack/shop/node_modules/egg-logrotator/app/schedule/rotate_by_file.js
2019-04-08 12:18:46,687 INFO 1256 [egg-schedule]: register schedule /Users/lupin/Documents/workspack/shop/node_modules/egg-logrotator/app/schedule/clean_log.js
2019-04-08 12:18:46,687 INFO 1256 [egg-schedule]: register schedule /Users/lupin/Documents/workspack/shop/node_modules/egg-logrotator/app/schedule/rotate_by_file.js
2019-04-08 12:23:36,329 INFO 1293 [egg-schedule]: register schedule /Users/lupin/Documents/workspack/shop/node_modules/egg-logrotator/app/schedule/clean_log.js
2019-04-08 12:23:36,329 INFO 1293 [egg-schedule]: register schedule /Users/lupin/Documents/workspack/shop/node_modules/egg-logrotator/app/schedule/rotate_by_file.js
2019-04-08 12:23:36,641 INFO 1292 [Timer] /Users/lupin/Documents/workspack/shop/node_modules/egg-logrotator/app/schedule/clean_log.js next time will execute after 41783361ms at 2019-04-09 00:00:00.002
2019-04-08 12:23:36,641 INFO 1292 [Timer] /Users/lupin/Documents/workspack/shop/node_modules/egg-logrotator/app/schedule/rotate_by_file.js next time will execute after 41784359ms at 2019-04-09 00:00:01.000
2019-04-08 12:26:38,451 INFO 1310 [Timer] /Users/lupin/Documents/workspack/shop/node_modules/egg-logrotator/app/schedule/clean_log.js next time will execute after 41601551ms at 2019-04-09 00:00:00.002
2019-04-08 12:26:38,451 INFO 1310 [Timer] /Users/lupin/Documents/workspack/shop/node_modules/egg-logrotator/app/schedule/rotate_by_file.js next time will execute after 41602549ms at 2019-04-09 00:00:01.000
2019-04-08 12:26:38,063 INFO 1311 [egg-schedule]: register schedule /Users/lupin/Documents/workspack/shop/node_modules/egg-logrotator/app/schedule/clean_log.js
2019-04-08 12:26:38,063 INFO 1311 [egg-schedule]: register schedule /Users/lupin/Documents/workspack/shop/node_modules/egg-logrotator/app/schedule/rotate_by_file.js
2019-04-08 12:27:08,046 INFO 1312 [egg-schedule]: register schedule /Users/lupin/Documents/workspack/shop/node_modules/egg-logrotator/app/schedule/clean_log.js
2019-04-08 12:27:08,046 INFO 1312 [egg-schedule]: register schedule /Users/lupin/Documents/workspack/shop/node_modules/egg-logrotator/app/schedule/rotate_by_file.js
2019-04-08 12:27:14,420 INFO 1319 [egg-schedule]: register schedule /Users/lupin/Documents/workspack/shop/node_modules/egg-logrotator/app/schedule/clean_log.js
2019-04-08 12:27:14,421 INFO 1319 [egg-schedule]: register schedule /Users/lupin/Documents/workspack/shop/node_modules/egg-logrotator/app/schedule/rotate_by_file.js
2019-04-08 12:27:59,534 INFO 1324 [egg-schedule]: register schedule /Users/lupin/Documents/workspack/shop/node_modules/egg-logrotator/app/schedule/clean_log.js
2019-04-08 12:27:59,534 INFO 1324 [egg-schedule]: register schedule /Users/lupin/Documents/workspack/shop/node_modules/egg-logrotator/app/schedule/rotate_by_file.js
2019-04-08 12:32:48,478 INFO 1330 [egg-schedule]: register schedule /Users/lupin/Documents/workspack/shop/node_modules/egg-logrotator/app/schedule/clean_log.js
2019-04-08 12:32:48,478 INFO 1330 [egg-schedule]: register schedule /Users/lupin/Documents/workspack/shop/node_modules/egg-logrotator/app/schedule/rotate_by_file.js
2019-04-08 12:32:48,810 INFO 1329 [Timer] /Users/lupin/Documents/workspack/shop/node_modules/egg-logrotator/app/schedule/clean_log.js next time will execute after 41231192ms at 2019-04-09 00:00:00.002
2019-04-08 12:32:48,811 INFO 1329 [Timer] /Users/lupin/Documents/workspack/shop/node_modules/egg-logrotator/app/schedule/rotate_by_file.js next time will execute after 41232190ms at 2019-04-09 00:00:01.001
2019-04-08 12:34:37,157 INFO 1333 [egg-schedule]: register schedule /Users/lupin/Documents/workspack/shop/node_modules/egg-logrotator/app/schedule/clean_log.js
2019-04-08 12:34:37,157 INFO 1333 [egg-schedule]: register schedule /Users/lupin/Documents/workspack/shop/node_modules/egg-logrotator/app/schedule/rotate_by_file.js
2019-04-08 12:34:54,563 INFO 1334 [egg-schedule]: register schedule /Users/lupin/Documents/workspack/shop/node_modules/egg-logrotator/app/schedule/clean_log.js
2019-04-08 12:34:54,563 INFO 1334 [egg-schedule]: register schedule /Users/lupin/Documents/workspack/shop/node_modules/egg-logrotator/app/schedule/rotate_by_file.js
2019-04-08 12:35:15,844 INFO 1338 [egg-schedule]: register schedule /Users/lupin/Documents/workspack/shop/node_modules/egg-logrotator/app/schedule/clean_log.js
2019-04-08 12:35:15,844 INFO 1338 [egg-schedule]: register schedule /Users/lupin/Documents/workspack/shop/node_modules/egg-logrotator/app/schedule/rotate_by_file.js
2019-04-08 12:35:30,264 INFO 1339 [egg-schedule]: register schedule /Users/lupin/Documents/workspack/shop/node_modules/egg-logrotator/app/schedule/clean_log.js
2019-04-08 12:35:30,264 INFO 1339 [egg-schedule]: register schedule /Users/lupin/Documents/workspack/shop/node_modules/egg-logrotator/app/schedule/rotate_by_file.js
2019-04-08 12:35:50,451 INFO 1340 [egg-schedule]: register schedule /Users/lupin/Documents/workspack/shop/node_modules/egg-logrotator/app/schedule/clean_log.js
2019-04-08 12:35:50,451 INFO 1340 [egg-schedule]: register schedule /Users/lupin/Documents/workspack/shop/node_modules/egg-logrotator/app/schedule/rotate_by_file.js
2019-04-08 12:35:51,382 INFO 1341 [egg-schedule]: register schedule /Users/lupin/Documents/workspack/shop/node_modules/egg-logrotator/app/schedule/clean_log.js
2019-04-08 12:35:51,382 INFO 1341 [egg-schedule]: register schedule /Users/lupin/Documents/workspack/shop/node_modules/egg-logrotator/app/schedule/rotate_by_file.js
2019-04-08 12:35:57,328 INFO 1342 [egg-schedule]: register schedule /Users/lupin/Documents/workspack/shop/node_modules/egg-logrotator/app/schedule/clean_log.js
2019-04-08 12:35:57,328 INFO 1342 [egg-schedule]: register schedule /Users/lupin/Documents/workspack/shop/node_modules/egg-logrotator/app/schedule/rotate_by_file.js
2019-04-08 12:36:02,110 INFO 1343 [egg-schedule]: register schedule /Users/lupin/Documents/workspack/shop/node_modules/egg-logrotator/app/schedule/clean_log.js
2019-04-08 12:36:02,110 INFO 1343 [egg-schedule]: register schedule /Users/lupin/Documents/workspack/shop/node_modules/egg-logrotator/app/schedule/rotate_by_file.js
2019-04-08 12:37:00,963 INFO 1344 [egg-schedule]: register schedule /Users/lupin/Documents/workspack/shop/node_modules/egg-logrotator/app/schedule/clean_log.js
2019-04-08 12:37:00,963 INFO 1344 [egg-schedule]: register schedule /Users/lupin/Documents/workspack/shop/node_modules/egg-logrotator/app/schedule/rotate_by_file.js
2019-04-08 12:42:37,171 INFO 1364 [egg-schedule]: register schedule /Users/lupin/Documents/workspack/shop/node_modules/egg-logrotator/app/schedule/clean_log.js
2019-04-08 12:42:37,171 INFO 1364 [egg-schedule]: register schedule /Users/lupin/Documents/workspack/shop/node_modules/egg-logrotator/app/schedule/rotate_by_file.js
2019-04-08 12:42:42,368 INFO 1365 [egg-schedule]: register schedule /Users/lupin/Documents/workspack/shop/node_modules/egg-logrotator/app/schedule/clean_log.js
2019-04-08 12:42:42,369 INFO 1365 [egg-schedule]: register schedule /Users/lupin/Documents/workspack/shop/node_modules/egg-logrotator/app/schedule/rotate_by_file.js
2019-04-08 12:46:51,692 INFO 1368 [egg-schedule]: register schedule /Users/lupin/Documents/workspack/shop/node_modules/egg-logrotator/app/schedule/clean_log.js
2019-04-08 12:46:51,692 INFO 1368 [egg-schedule]: register schedule /Users/lupin/Documents/workspack/shop/node_modules/egg-logrotator/app/schedule/rotate_by_file.js
2019-04-08 13:59:45,237 INFO 1445 [egg-schedule]: register schedule /Users/lupin/Documents/workspack/shop/node_modules/egg-logrotator/app/schedule/clean_log.js
2019-04-08 13:59:45,237 INFO 1445 [egg-schedule]: register schedule /Users/lupin/Documents/workspack/shop/node_modules/egg-logrotator/app/schedule/rotate_by_file.js
2019-04-08 13:59:45,645 INFO 1444 [Timer] /Users/lupin/Documents/workspack/shop/node_modules/egg-logrotator/app/schedule/clean_log.js next time will execute after 36014357ms at 2019-04-09 00:00:00.002
2019-04-08 13:59:45,646 INFO 1444 [Timer] /Users/lupin/Documents/workspack/shop/node_modules/egg-logrotator/app/schedule/rotate_by_file.js next time will execute after 36015354ms at 2019-04-09 00:00:01.000
2019-04-08 14:07:27,095 INFO 1461 [egg-schedule]: register schedule /Users/lupin/Documents/workspack/shop/node_modules/egg-logrotator/app/schedule/clean_log.js
2019-04-08 14:07:27,095 INFO 1461 [egg-schedule]: register schedule /Users/lupin/Documents/workspack/shop/node_modules/egg-logrotator/app/schedule/rotate_by_file.js
2019-04-08 14:07:49,092 INFO 1462 [egg-schedule]: register schedule /Users/lupin/Documents/workspack/shop/node_modules/egg-logrotator/app/schedule/clean_log.js
2019-04-08 14:07:49,092 INFO 1462 [egg-schedule]: register schedule /Users/lupin/Documents/workspack/shop/node_modules/egg-logrotator/app/schedule/rotate_by_file.js
2019-04-08 14:07:55,616 INFO 1469 [egg-schedule]: register schedule /Users/lupin/Documents/workspack/shop/node_modules/egg-logrotator/app/schedule/clean_log.js
2019-04-08 14:07:55,616 INFO 1469 [egg-schedule]: register schedule /Users/lupin/Documents/workspack/shop/node_modules/egg-logrotator/app/schedule/rotate_by_file.js
2019-04-08 14:07:55,965 INFO 1468 [Timer] /Users/lupin/Documents/workspack/shop/node_modules/egg-logrotator/app/schedule/clean_log.js next time will execute after 35524037ms at 2019-04-09 00:00:00.002
2019-04-08 14:07:55,965 INFO 1468 [Timer] /Users/lupin/Documents/workspack/shop/node_modules/egg-logrotator/app/schedule/rotate_by_file.js next time will execute after 35525035ms at 2019-04-09 00:00:01.000
2019-04-08 14:08:47,010 INFO 1470 [egg-schedule]: register schedule /Users/lupin/Documents/workspack/shop/node_modules/egg-logrotator/app/schedule/clean_log.js
2019-04-08 14:08:47,010 INFO 1470 [egg-schedule]: register schedule /Users/lupin/Documents/workspack/shop/node_modules/egg-logrotator/app/schedule/rotate_by_file.js
2019-04-08 14:09:10,752 INFO 1471 [egg-schedule]: register schedule /Users/lupin/Documents/workspack/shop/node_modules/egg-logrotator/app/schedule/clean_log.js
2019-04-08 14:09:10,752 INFO 1471 [egg-schedule]: register schedule /Users/lupin/Documents/workspack/shop/node_modules/egg-logrotator/app/schedule/rotate_by_file.js
2019-04-08 14:09:45,517 INFO 1472 [egg-schedule]: register schedule /Users/lupin/Documents/workspack/shop/node_modules/egg-logrotator/app/schedule/clean_log.js
2019-04-08 14:09:45,517 INFO 1472 [egg-schedule]: register schedule /Users/lupin/Documents/workspack/shop/node_modules/egg-logrotator/app/schedule/rotate_by_file.js
2019-04-08 14:09:59,824 INFO 1473 [egg-schedule]: register schedule /Users/lupin/Documents/workspack/shop/node_modules/egg-logrotator/app/schedule/clean_log.js
2019-04-08 14:09:59,824 INFO 1473 [egg-schedule]: register schedule /Users/lupin/Documents/workspack/shop/node_modules/egg-logrotator/app/schedule/rotate_by_file.js
2019-04-08 14:21:18,237 INFO 1485 [egg-schedule]: register schedule /Users/lupin/Documents/workspack/shop/node_modules/egg-logrotator/app/schedule/clean_log.js
2019-04-08 14:21:18,237 INFO 1485 [egg-schedule]: register schedule /Users/lupin/Documents/workspack/shop/node_modules/egg-logrotator/app/schedule/rotate_by_file.js
2019-04-08 14:23:30,331 INFO 1488 [egg-schedule]: register schedule /Users/lupin/Documents/workspack/shop/node_modules/egg-logrotator/app/schedule/clean_log.js
2019-04-08 14:23:30,331 INFO 1488 [egg-schedule]: register schedule /Users/lupin/Documents/workspack/shop/node_modules/egg-logrotator/app/schedule/rotate_by_file.js
2019-04-08 14:24:15,749 INFO 1489 [egg-schedule]: register schedule /Users/lupin/Documents/workspack/shop/node_modules/egg-logrotator/app/schedule/clean_log.js
2019-04-08 14:24:15,749 INFO 1489 [egg-schedule]: register schedule /Users/lupin/Documents/workspack/shop/node_modules/egg-logrotator/app/schedule/rotate_by_file.js
2019-04-08 14:25:10,984 INFO 1494 [egg-schedule]: register schedule /Users/lupin/Documents/workspack/shop/node_modules/egg-logrotator/app/schedule/clean_log.js
2019-04-08 14:25:10,984 INFO 1494 [egg-schedule]: register schedule /Users/lupin/Documents/workspack/shop/node_modules/egg-logrotator/app/schedule/rotate_by_file.js
2019-04-08 14:31:44,295 INFO 1500 [egg-schedule]: register schedule /Users/lupin/Documents/workspack/shop/node_modules/egg-logrotator/app/schedule/clean_log.js
2019-04-08 14:31:44,295 INFO 1500 [egg-schedule]: register schedule /Users/lupin/Documents/workspack/shop/node_modules/egg-logrotator/app/schedule/rotate_by_file.js
2019-04-08 14:32:23,368 INFO 1501 [egg-schedule]: register schedule /Users/lupin/Documents/workspack/shop/node_modules/egg-logrotator/app/schedule/clean_log.js
2019-04-08 14:32:23,368 INFO 1501 [egg-schedule]: register schedule /Users/lupin/Documents/workspack/shop/node_modules/egg-logrotator/app/schedule/rotate_by_file.js
2019-04-08 14:32:48,045 INFO 1503 [egg-schedule]: register schedule /Users/lupin/Documents/workspack/shop/node_modules/egg-logrotator/app/schedule/clean_log.js
2019-04-08 14:32:48,045 INFO 1503 [egg-schedule]: register schedule /Users/lupin/Documents/workspack/shop/node_modules/egg-logrotator/app/schedule/rotate_by_file.js
2019-04-08 14:32:50,157 INFO 1504 [egg-schedule]: register schedule /Users/lupin/Documents/workspack/shop/node_modules/egg-logrotator/app/schedule/clean_log.js
2019-04-08 14:32:50,157 INFO 1504 [egg-schedule]: register schedule /Users/lupin/Documents/workspack/shop/node_modules/egg-logrotator/app/schedule/rotate_by_file.js
2019-04-08 14:33:48,673 INFO 1506 [egg-schedule]: register schedule /Users/lupin/Documents/workspack/shop/node_modules/egg-logrotator/app/schedule/clean_log.js
2019-04-08 14:33:48,673 INFO 1506 [egg-schedule]: register schedule /Users/lupin/Documents/workspack/shop/node_modules/egg-logrotator/app/schedule/rotate_by_file.js
2019-04-08 14:35:15,549 INFO 1507 [egg-schedule]: register schedule /Users/lupin/Documents/workspack/shop/node_modules/egg-logrotator/app/schedule/clean_log.js
2019-04-08 14:35:15,549 INFO 1507 [egg-schedule]: register schedule /Users/lupin/Documents/workspack/shop/node_modules/egg-logrotator/app/schedule/rotate_by_file.js
2019-04-08 14:35:39,789 INFO 1508 [egg-schedule]: register schedule /Users/lupin/Documents/workspack/shop/node_modules/egg-logrotator/app/schedule/clean_log.js
2019-04-08 14:35:39,789 INFO 1508 [egg-schedule]: register schedule /Users/lupin/Documents/workspack/shop/node_modules/egg-logrotator/app/schedule/rotate_by_file.js
2019-04-08 14:40:05,147 INFO 1523 [egg-schedule]: register schedule /Users/lupin/Documents/workspack/shop/node_modules/egg-logrotator/app/schedule/clean_log.js
2019-04-08 14:40:05,147 INFO 1523 [egg-schedule]: register schedule /Users/lupin/Documents/workspack/shop/node_modules/egg-logrotator/app/schedule/rotate_by_file.js
2019-04-08 14:40:26,037 INFO 1526 [egg-schedule]: register schedule /Users/lupin/Documents/workspack/shop/node_modules/egg-logrotator/app/schedule/clean_log.js
2019-04-08 14:40:26,037 INFO 1526 [egg-schedule]: register schedule /Users/lupin/Documents/workspack/shop/node_modules/egg-logrotator/app/schedule/rotate_by_file.js
2019-04-08 14:40:28,653 INFO 1527 [egg-schedule]: register schedule /Users/lupin/Documents/workspack/shop/node_modules/egg-logrotator/app/schedule/clean_log.js
2019-04-08 14:40:28,653 INFO 1527 [egg-schedule]: register schedule /Users/lupin/Documents/workspack/shop/node_modules/egg-logrotator/app/schedule/rotate_by_file.js
2019-04-08 14:40:31,332 INFO 1528 [egg-schedule]: register schedule /Users/lupin/Documents/workspack/shop/node_modules/egg-logrotator/app/schedule/clean_log.js
2019-04-08 14:40:31,332 INFO 1528 [egg-schedule]: register schedule /Users/lupin/Documents/workspack/shop/node_modules/egg-logrotator/app/schedule/rotate_by_file.js
2019-04-08 14:54:23,442 INFO 1554 [egg-schedule]: register schedule /Users/lupin/Documents/workspack/shop/node_modules/egg-logrotator/app/schedule/clean_log.js
2019-04-08 14:54:23,442 INFO 1554 [egg-schedule]: register schedule /Users/lupin/Documents/workspack/shop/node_modules/egg-logrotator/app/schedule/rotate_by_file.js
2019-04-08 14:55:23,572 INFO 1558 [egg-schedule]: register schedule /Users/lupin/Documents/workspack/shop/node_modules/egg-logrotator/app/schedule/clean_log.js
2019-04-08 14:55:23,572 INFO 1558 [egg-schedule]: register schedule /Users/lupin/Documents/workspack/shop/node_modules/egg-logrotator/app/schedule/rotate_by_file.js
2019-04-08 14:55:29,249 INFO 1566 [egg-schedule]: register schedule /Users/lupin/Documents/workspack/shop/node_modules/egg-logrotator/app/schedule/clean_log.js
2019-04-08 14:55:29,249 INFO 1566 [egg-schedule]: register schedule /Users/lupin/Documents/workspack/shop/node_modules/egg-logrotator/app/schedule/rotate_by_file.js
2019-04-08 14:56:02,763 INFO 1574 [egg-schedule]: register schedule /Users/lupin/Documents/workspack/shop/node_modules/egg-logrotator/app/schedule/clean_log.js
2019-04-08 14:56:02,763 INFO 1574 [egg-schedule]: register schedule /Users/lupin/Documents/workspack/shop/node_modules/egg-logrotator/app/schedule/rotate_by_file.js
2019-04-08 14:56:03,128 INFO 1573 [Timer] /Users/lupin/Documents/workspack/shop/node_modules/egg-logrotator/app/schedule/clean_log.js next time will execute after 32636874ms at 2019-04-09 00:00:00.002
2019-04-08 14:56:03,129 INFO 1573 [Timer] /Users/lupin/Documents/workspack/shop/node_modules/egg-logrotator/app/schedule/rotate_by_file.js next time will execute after 32637872ms at 2019-04-09 00:00:01.001
2019-04-08 15:02:08,112 INFO 1577 [egg-schedule]: register schedule /Users/lupin/Documents/workspack/shop/node_modules/egg-logrotator/app/schedule/clean_log.js
2019-04-08 15:02:08,112 INFO 1577 [egg-schedule]: register schedule /Users/lupin/Documents/workspack/shop/node_modules/egg-logrotator/app/schedule/rotate_by_file.js
2019-04-08 15:11:49,550 INFO 1602 [egg-schedule]: register schedule /Users/lupin/Documents/workspack/shop/node_modules/egg-logrotator/app/schedule/clean_log.js
2019-04-08 15:11:49,550 INFO 1602 [egg-schedule]: register schedule /Users/lupin/Documents/workspack/shop/node_modules/egg-logrotator/app/schedule/rotate_by_file.js
2019-04-08 15:12:16,497 INFO 1603 [egg-schedule]: register schedule /Users/lupin/Documents/workspack/shop/node_modules/egg-logrotator/app/schedule/clean_log.js
2019-04-08 15:12:16,497 INFO 1603 [egg-schedule]: register schedule /Users/lupin/Documents/workspack/shop/node_modules/egg-logrotator/app/schedule/rotate_by_file.js
2019-04-08 15:14:57,915 INFO 1607 [egg-schedule]: register schedule /Users/lupin/Documents/workspack/shop/node_modules/egg-logrotator/app/schedule/clean_log.js
2019-04-08 15:14:57,915 INFO 1607 [egg-schedule]: register schedule /Users/lupin/Documents/workspack/shop/node_modules/egg-logrotator/app/schedule/rotate_by_file.js
2019-04-08 15:15:47,456 INFO 1608 [egg-schedule]: register schedule /Users/lupin/Documents/workspack/shop/node_modules/egg-logrotator/app/schedule/clean_log.js
2019-04-08 15:15:47,456 INFO 1608 [egg-schedule]: register schedule /Users/lupin/Documents/workspack/shop/node_modules/egg-logrotator/app/schedule/rotate_by_file.js
2019-04-08 15:17:21,342 INFO 1609 [egg-schedule]: register schedule /Users/lupin/Documents/workspack/shop/node_modules/egg-logrotator/app/schedule/clean_log.js
2019-04-08 15:17:21,342 INFO 1609 [egg-schedule]: register schedule /Users/lupin/Documents/workspack/shop/node_modules/egg-logrotator/app/schedule/rotate_by_file.js
2019-04-08 15:17:50,443 INFO 1611 [egg-schedule]: register schedule /Users/lupin/Documents/workspack/shop/node_modules/egg-logrotator/app/schedule/clean_log.js
2019-04-08 15:17:50,443 INFO 1611 [egg-schedule]: register schedule /Users/lupin/Documents/workspack/shop/node_modules/egg-logrotator/app/schedule/rotate_by_file.js
2019-04-08 15:18:14,192 INFO 1613 [egg-schedule]: register schedule /Users/lupin/Documents/workspack/shop/node_modules/egg-logrotator/app/schedule/clean_log.js
2019-04-08 15:18:14,192 INFO 1613 [egg-schedule]: register schedule /Users/lupin/Documents/workspack/shop/node_modules/egg-logrotator/app/schedule/rotate_by_file.js
2019-04-08 15:19:24,779 INFO 1616 [egg-schedule]: register schedule /Users/lupin/Documents/workspack/shop/node_modules/egg-logrotator/app/schedule/clean_log.js
2019-04-08 15:19:24,779 INFO 1616 [egg-schedule]: register schedule /Users/lupin/Documents/workspack/shop/node_modules/egg-logrotator/app/schedule/rotate_by_file.js
2019-04-08 15:19:34,526 INFO 1617 [egg-schedule]: register schedule /Users/lupin/Documents/workspack/shop/node_modules/egg-logrotator/app/schedule/clean_log.js
2019-04-08 15:19:34,526 INFO 1617 [egg-schedule]: register schedule /Users/lupin/Documents/workspack/shop/node_modules/egg-logrotator/app/schedule/rotate_by_file.js
2019-04-08 15:19:50,832 INFO 1618 [egg-schedule]: register schedule /Users/lupin/Documents/workspack/shop/node_modules/egg-logrotator/app/schedule/clean_log.js
2019-04-08 15:19:50,832 INFO 1618 [egg-schedule]: register schedule /Users/lupin/Documents/workspack/shop/node_modules/egg-logrotator/app/schedule/rotate_by_file.js
2019-04-08 15:20:14,988 INFO 1619 [egg-schedule]: register schedule /Users/lupin/Documents/workspack/shop/node_modules/egg-logrotator/app/schedule/clean_log.js
2019-04-08 15:20:14,988 INFO 1619 [egg-schedule]: register schedule /Users/lupin/Documents/workspack/shop/node_modules/egg-logrotator/app/schedule/rotate_by_file.js
2019-04-08 15:20:47,048 INFO 1620 [egg-schedule]: register schedule /Users/lupin/Documents/workspack/shop/node_modules/egg-logrotator/app/schedule/clean_log.js
2019-04-08 15:20:47,048 INFO 1620 [egg-schedule]: register schedule /Users/lupin/Documents/workspack/shop/node_modules/egg-logrotator/app/schedule/rotate_by_file.js
2019-04-08 15:21:35,716 INFO 1621 [egg-schedule]: register schedule /Users/lupin/Documents/workspack/shop/node_modules/egg-logrotator/app/schedule/clean_log.js
2019-04-08 15:21:35,716 INFO 1621 [egg-schedule]: register schedule /Users/lupin/Documents/workspack/shop/node_modules/egg-logrotator/app/schedule/rotate_by_file.js
2019-04-08 15:21:52,623 INFO 1622 [egg-schedule]: register schedule /Users/lupin/Documents/workspack/shop/node_modules/egg-logrotator/app/schedule/clean_log.js
2019-04-08 15:21:52,623 INFO 1622 [egg-schedule]: register schedule /Users/lupin/Documents/workspack/shop/node_modules/egg-logrotator/app/schedule/rotate_by_file.js
2019-04-08 15:22:33,825 INFO 1623 [egg-schedule]: register schedule /Users/lupin/Documents/workspack/shop/node_modules/egg-logrotator/app/schedule/clean_log.js
2019-04-08 15:22:33,825 INFO 1623 [egg-schedule]: register schedule /Users/lupin/Documents/workspack/shop/node_modules/egg-logrotator/app/schedule/rotate_by_file.js
2019-04-08 15:22:56,662 INFO 1624 [egg-schedule]: register schedule /Users/lupin/Documents/workspack/shop/node_modules/egg-logrotator/app/schedule/clean_log.js
2019-04-08 15:22:56,662 INFO 1624 [egg-schedule]: register schedule /Users/lupin/Documents/workspack/shop/node_modules/egg-logrotator/app/schedule/rotate_by_file.js
2019-04-08 15:23:17,923 INFO 1625 [egg-schedule]: register schedule /Users/lupin/Documents/workspack/shop/node_modules/egg-logrotator/app/schedule/clean_log.js
2019-04-08 15:23:17,923 INFO 1625 [egg-schedule]: register schedule /Users/lupin/Documents/workspack/shop/node_modules/egg-logrotator/app/schedule/rotate_by_file.js
2019-04-08 15:23:24,527 INFO 1626 [egg-schedule]: register schedule /Users/lupin/Documents/workspack/shop/node_modules/egg-logrotator/app/schedule/clean_log.js
2019-04-08 15:23:24,527 INFO 1626 [egg-schedule]: register schedule /Users/lupin/Documents/workspack/shop/node_modules/egg-logrotator/app/schedule/rotate_by_file.js
2019-04-08 15:23:40,344 INFO 1627 [egg-schedule]: register schedule /Users/lupin/Documents/workspack/shop/node_modules/egg-logrotator/app/schedule/clean_log.js
2019-04-08 15:23:40,344 INFO 1627 [egg-schedule]: register schedule /Users/lupin/Documents/workspack/shop/node_modules/egg-logrotator/app/schedule/rotate_by_file.js
2019-04-08 15:23:46,695 INFO 1635 [egg-schedule]: register schedule /Users/lupin/Documents/workspack/shop/node_modules/egg-logrotator/app/schedule/clean_log.js
2019-04-08 15:23:46,695 INFO 1635 [egg-schedule]: register schedule /Users/lupin/Documents/workspack/shop/node_modules/egg-logrotator/app/schedule/rotate_by_file.js
2019-04-08 15:25:15,375 INFO 1640 [egg-schedule]: register schedule /Users/lupin/Documents/workspack/shop/node_modules/egg-logrotator/app/schedule/clean_log.js
2019-04-08 15:25:15,376 INFO 1640 [egg-schedule]: register schedule /Users/lupin/Documents/workspack/shop/node_modules/egg-logrotator/app/schedule/rotate_by_file.js
2019-04-08 15:28:40,474 INFO 1645 [egg-schedule]: register schedule /Users/lupin/Documents/workspack/shop/node_modules/egg-logrotator/app/schedule/clean_log.js
2019-04-08 15:28:40,474 INFO 1645 [egg-schedule]: register schedule /Users/lupin/Documents/workspack/shop/node_modules/egg-logrotator/app/schedule/rotate_by_file.js
2019-04-08 15:28:40,873 INFO 1644 [Timer] /Users/lupin/Documents/workspack/shop/node_modules/egg-logrotator/app/schedule/clean_log.js next time will execute after 30679129ms at 2019-04-09 00:00:00.002
2019-04-08 15:28:40,873 INFO 1644 [Timer] /Users/lupin/Documents/workspack/shop/node_modules/egg-logrotator/app/schedule/rotate_by_file.js next time will execute after 30680127ms at 2019-04-09 00:00:01.000
2019-04-08 15:29:18,012 INFO 1646 [egg-schedule]: register schedule /Users/lupin/Documents/workspack/shop/node_modules/egg-logrotator/app/schedule/clean_log.js
2019-04-08 15:29:18,012 INFO 1646 [egg-schedule]: register schedule /Users/lupin/Documents/workspack/shop/node_modules/egg-logrotator/app/schedule/rotate_by_file.js
2019-04-08 17:13:33,166 INFO 2294 [egg-schedule]: register schedule /Users/lupin/Documents/workspack/shop/node_modules/egg-logrotator/app/schedule/clean_log.js
2019-04-08 17:13:33,166 INFO 2294 [egg-schedule]: register schedule /Users/lupin/Documents/workspack/shop/node_modules/egg-logrotator/app/schedule/rotate_by_file.js
2019-04-08 17:13:33,672 INFO 2293 [Timer] /Users/lupin/Documents/workspack/shop/node_modules/egg-logrotator/app/schedule/clean_log.js next time will execute after 24386330ms at 2019-04-09 00:00:00.002
2019-04-08 17:13:33,672 INFO 2293 [Timer] /Users/lupin/Documents/workspack/shop/node_modules/egg-logrotator/app/schedule/rotate_by_file.js next time will execute after 24387328ms at 2019-04-09 00:00:01.000
2019-04-08 17:14:32,654 INFO 2297 [egg-schedule]: register schedule /Users/lupin/Documents/workspack/shop/node_modules/egg-logrotator/app/schedule/clean_log.js
2019-04-08 17:14:32,654 INFO 2297 [egg-schedule]: register schedule /Users/lupin/Documents/workspack/shop/node_modules/egg-logrotator/app/schedule/rotate_by_file.js
2019-04-08 17:14:51,591 INFO 2299 [egg-schedule]: register schedule /Users/lupin/Documents/workspack/shop/node_modules/egg-logrotator/app/schedule/clean_log.js
2019-04-08 17:14:51,591 INFO 2299 [egg-schedule]: register schedule /Users/lupin/Documents/workspack/shop/node_modules/egg-logrotator/app/schedule/rotate_by_file.js
2019-04-08 17:14:57,438 INFO 2307 [egg-schedule]: register schedule /Users/lupin/Documents/workspack/shop/node_modules/egg-logrotator/app/schedule/clean_log.js
2019-04-08 17:14:57,439 INFO 2307 [egg-schedule]: register schedule /Users/lupin/Documents/workspack/shop/node_modules/egg-logrotator/app/schedule/rotate_by_file.js
2019-04-08 17:16:08,057 INFO 2313 [egg-schedule]: register schedule /Users/lupin/Documents/workspack/shop/node_modules/egg-logrotator/app/schedule/clean_log.js
2019-04-08 17:16:08,057 INFO 2313 [egg-schedule]: register schedule /Users/lupin/Documents/workspack/shop/node_modules/egg-logrotator/app/schedule/rotate_by_file.js
2019-04-08 17:16:08,465 INFO 2312 [Timer] /Users/lupin/Documents/workspack/shop/node_modules/egg-logrotator/app/schedule/clean_log.js next time will execute after 24231537ms at 2019-04-09 00:00:00.002
2019-04-08 17:16:08,465 INFO 2312 [Timer] /Users/lupin/Documents/workspack/shop/node_modules/egg-logrotator/app/schedule/rotate_by_file.js next time will execute after 24232535ms at 2019-04-09 00:00:01.000
2019-04-08 17:17:19,009 INFO 2315 [egg-schedule]: register schedule /Users/lupin/Documents/workspack/shop/node_modules/egg-logrotator/app/schedule/clean_log.js
2019-04-08 17:17:19,009 INFO 2315 [egg-schedule]: register schedule /Users/lupin/Documents/workspack/shop/node_modules/egg-logrotator/app/schedule/rotate_by_file.js
2019-04-08 17:18:50,893 INFO 2316 [egg-schedule]: register schedule /Users/lupin/Documents/workspack/shop/node_modules/egg-logrotator/app/schedule/clean_log.js
2019-04-08 17:18:50,893 INFO 2316 [egg-schedule]: register schedule /Users/lupin/Documents/workspack/shop/node_modules/egg-logrotator/app/schedule/rotate_by_file.js
2019-04-08 17:20:35,377 INFO 2321 [egg-schedule]: register schedule /Users/lupin/Documents/workspack/shop/node_modules/egg-logrotator/app/schedule/clean_log.js
2019-04-08 17:20:35,377 INFO 2321 [egg-schedule]: register schedule /Users/lupin/Documents/workspack/shop/node_modules/egg-logrotator/app/schedule/rotate_by_file.js
2019-04-08 17:21:44,539 INFO 2322 [egg-schedule]: register schedule /Users/lupin/Documents/workspack/shop/node_modules/egg-logrotator/app/schedule/clean_log.js
2019-04-08 17:21:44,539 INFO 2322 [egg-schedule]: register schedule /Users/lupin/Documents/workspack/shop/node_modules/egg-logrotator/app/schedule/rotate_by_file.js
2019-04-08 17:59:05,161 INFO 2384 [egg-schedule]: register schedule /Users/lupin/Documents/workspack/shop/node_modules/egg-logrotator/app/schedule/clean_log.js
2019-04-08 17:59:05,161 INFO 2384 [egg-schedule]: register schedule /Users/lupin/Documents/workspack/shop/node_modules/egg-logrotator/app/schedule/rotate_by_file.js
2019-04-08 18:00:53,373 INFO 2396 [egg-schedule]: register schedule /Users/lupin/Documents/workspack/shop/node_modules/egg-logrotator/app/schedule/clean_log.js
2019-04-08 18:00:53,373 INFO 2396 [egg-schedule]: register schedule /Users/lupin/Documents/workspack/shop/node_modules/egg-logrotator/app/schedule/rotate_by_file.js
2019-04-08 18:00:53,779 INFO 2395 [Timer] /Users/lupin/Documents/workspack/shop/node_modules/egg-logrotator/app/schedule/clean_log.js next time will execute after 21546223ms at 2019-04-09 00:00:00.002
2019-04-08 18:00:53,779 INFO 2395 [Timer] /Users/lupin/Documents/workspack/shop/node_modules/egg-logrotator/app/schedule/rotate_by_file.js next time will execute after 21547221ms at 2019-04-09 00:00:01.000
2019-04-08 18:01:39,161 INFO 2397 [egg-schedule]: register schedule /Users/lupin/Documents/workspack/shop/node_modules/egg-logrotator/app/schedule/clean_log.js
2019-04-08 18:01:39,161 INFO 2397 [egg-schedule]: register schedule /Users/lupin/Documents/workspack/shop/node_modules/egg-logrotator/app/schedule/rotate_by_file.js
2019-04-08 18:01:41,853 INFO 2398 [egg-schedule]: register schedule /Users/lupin/Documents/workspack/shop/node_modules/egg-logrotator/app/schedule/clean_log.js
2019-04-08 18:01:41,853 INFO 2398 [egg-schedule]: register schedule /Users/lupin/Documents/workspack/shop/node_modules/egg-logrotator/app/schedule/rotate_by_file.js
2019-04-08 18:01:45,777 INFO 2408 [egg-schedule]: register schedule /Users/lupin/Documents/workspack/shop/node_modules/egg-logrotator/app/schedule/clean_log.js
2019-04-08 18:01:45,777 INFO 2408 [egg-schedule]: register schedule /Users/lupin/Documents/workspack/shop/node_modules/egg-logrotator/app/schedule/rotate_by_file.js
2019-04-08 18:01:46,192 INFO 2407 [Timer] /Users/lupin/Documents/workspack/shop/node_modules/egg-logrotator/app/schedule/clean_log.js next time will execute after 21493810ms at 2019-04-09 00:00:00.002
2019-04-08 18:01:46,192 INFO 2407 [Timer] /Users/lupin/Documents/workspack/shop/node_modules/egg-logrotator/app/schedule/rotate_by_file.js next time will execute after 21494808ms at 2019-04-09 00:00:01.000
2019-04-08 18:05:06,645 INFO 2409 [egg-schedule]: register schedule /Users/lupin/Documents/workspack/shop/node_modules/egg-logrotator/app/schedule/clean_log.js
2019-04-08 18:05:06,645 INFO 2409 [egg-schedule]: register schedule /Users/lupin/Documents/workspack/shop/node_modules/egg-logrotator/app/schedule/rotate_by_file.js
2019-04-08 18:05:12,551 INFO 2416 [egg-schedule]: register schedule /Users/lupin/Documents/workspack/shop/node_modules/egg-logrotator/app/schedule/clean_log.js
2019-04-08 18:05:12,551 INFO 2416 [egg-schedule]: register schedule /Users/lupin/Documents/workspack/shop/node_modules/egg-logrotator/app/schedule/rotate_by_file.js
2019-04-08 18:05:59,441 INFO 2421 [egg-schedule]: register schedule /Users/lupin/Documents/workspack/shop/node_modules/egg-logrotator/app/schedule/clean_log.js
2019-04-08 18:05:59,441 INFO 2421 [egg-schedule]: register schedule /Users/lupin/Documents/workspack/shop/node_modules/egg-logrotator/app/schedule/rotate_by_file.js
2019-04-08 18:05:59,843 INFO 2420 [Timer] /Users/lupin/Documents/workspack/shop/node_modules/egg-logrotator/app/schedule/clean_log.js next time will execute after 21240159ms at 2019-04-09 00:00:00.002
2019-04-08 18:05:59,844 INFO 2420 [Timer] /Users/lupin/Documents/workspack/shop/node_modules/egg-logrotator/app/schedule/rotate_by_file.js next time will execute after 21241156ms at 2019-04-09 00:00:01.000
2019-04-08 18:06:19,674 INFO 2422 [egg-schedule]: register schedule /Users/lupin/Documents/workspack/shop/node_modules/egg-logrotator/app/schedule/clean_log.js
2019-04-08 18:06:19,674 INFO 2422 [egg-schedule]: register schedule /Users/lupin/Documents/workspack/shop/node_modules/egg-logrotator/app/schedule/rotate_by_file.js
2019-04-08 18:06:34,280 INFO 2431 [egg-schedule]: register schedule /Users/lupin/Documents/workspack/shop/node_modules/egg-logrotator/app/schedule/clean_log.js
2019-04-08 18:06:34,281 INFO 2431 [egg-schedule]: register schedule /Users/lupin/Documents/workspack/shop/node_modules/egg-logrotator/app/schedule/rotate_by_file.js
2019-04-08 18:06:34,704 INFO 2430 [Timer] /Users/lupin/Documents/workspack/shop/node_modules/egg-logrotator/app/schedule/clean_log.js next time will execute after 21205298ms at 2019-04-09 00:00:00.002
2019-04-08 18:06:34,705 INFO 2430 [Timer] /Users/lupin/Documents/workspack/shop/node_modules/egg-logrotator/app/schedule/rotate_by_file.js next time will execute after 21206296ms at 2019-04-09 00:00:01.001
2019-04-08 18:06:48,739 INFO 2439 [egg-schedule]: register schedule /Users/lupin/Documents/workspack/shop/node_modules/egg-logrotator/app/schedule/clean_log.js
2019-04-08 18:06:48,739 INFO 2439 [egg-schedule]: register schedule /Users/lupin/Documents/workspack/shop/node_modules/egg-logrotator/app/schedule/rotate_by_file.js
2019-04-08 18:06:49,145 INFO 2438 [Timer] /Users/lupin/Documents/workspack/shop/node_modules/egg-logrotator/app/schedule/clean_log.js next time will execute after 21190857ms at 2019-04-09 00:00:00.002
2019-04-08 18:06:49,145 INFO 2438 [Timer] /Users/lupin/Documents/workspack/shop/node_modules/egg-logrotator/app/schedule/rotate_by_file.js next time will execute after 21191855ms at 2019-04-09 00:00:01.000
2019-04-08 18:08:48,979 INFO 2441 [egg-schedule]: register schedule /Users/lupin/Documents/workspack/shop/node_modules/egg-logrotator/app/schedule/clean_log.js
2019-04-08 18:08:48,979 INFO 2441 [egg-schedule]: register schedule /Users/lupin/Documents/workspack/shop/node_modules/egg-logrotator/app/schedule/rotate_by_file.js
2019-04-08 18:09:14,382 INFO 2442 [egg-schedule]: register schedule /Users/lupin/Documents/workspack/shop/node_modules/egg-logrotator/app/schedule/clean_log.js
2019-04-08 18:09:14,382 INFO 2442 [egg-schedule]: register schedule /Users/lupin/Documents/workspack/shop/node_modules/egg-logrotator/app/schedule/rotate_by_file.js
2019-04-08 18:09:53,088 INFO 2443 [egg-schedule]: register schedule /Users/lupin/Documents/workspack/shop/node_modules/egg-logrotator/app/schedule/clean_log.js
2019-04-08 18:09:53,088 INFO 2443 [egg-schedule]: register schedule /Users/lupin/Documents/workspack/shop/node_modules/egg-logrotator/app/schedule/rotate_by_file.js
2019-04-08 18:10:15,927 INFO 2444 [egg-schedule]: register schedule /Users/lupin/Documents/workspack/shop/node_modules/egg-logrotator/app/schedule/clean_log.js
2019-04-08 18:10:15,927 INFO 2444 [egg-schedule]: register schedule /Users/lupin/Documents/workspack/shop/node_modules/egg-logrotator/app/schedule/rotate_by_file.js
2019-04-08 18:10:21,905 INFO 2445 [egg-schedule]: register schedule /Users/lupin/Documents/workspack/shop/node_modules/egg-logrotator/app/schedule/clean_log.js
2019-04-08 18:10:21,905 INFO 2445 [egg-schedule]: register schedule /Users/lupin/Documents/workspack/shop/node_modules/egg-logrotator/app/schedule/rotate_by_file.js
2019-04-08 18:10:29,696 INFO 2446 [egg-schedule]: register schedule /Users/lupin/Documents/workspack/shop/node_modules/egg-logrotator/app/schedule/clean_log.js
2019-04-08 18:10:29,696 INFO 2446 [egg-schedule]: register schedule /Users/lupin/Documents/workspack/shop/node_modules/egg-logrotator/app/schedule/rotate_by_file.js
2019-04-08 18:10:45,144 INFO 2447 [egg-schedule]: register schedule /Users/lupin/Documents/workspack/shop/node_modules/egg-logrotator/app/schedule/clean_log.js
2019-04-08 18:10:45,144 INFO 2447 [egg-schedule]: register schedule /Users/lupin/Documents/workspack/shop/node_modules/egg-logrotator/app/schedule/rotate_by_file.js
2019-04-08 18:11:33,915 INFO 2448 [egg-schedule]: register schedule /Users/lupin/Documents/workspack/shop/node_modules/egg-logrotator/app/schedule/clean_log.js
2019-04-08 18:11:33,915 INFO 2448 [egg-schedule]: register schedule /Users/lupin/Documents/workspack/shop/node_modules/egg-logrotator/app/schedule/rotate_by_file.js
2019-04-08 18:11:39,188 INFO 2449 [egg-schedule]: register schedule /Users/lupin/Documents/workspack/shop/node_modules/egg-logrotator/app/schedule/clean_log.js
2019-04-08 18:11:39,188 INFO 2449 [egg-schedule]: register schedule /Users/lupin/Documents/workspack/shop/node_modules/egg-logrotator/app/schedule/rotate_by_file.js
2019-04-08 18:13:11,294 INFO 2451 [egg-schedule]: register schedule /Users/lupin/Documents/workspack/shop/node_modules/egg-logrotator/app/schedule/clean_log.js
2019-04-08 18:13:11,294 INFO 2451 [egg-schedule]: register schedule /Users/lupin/Documents/workspack/shop/node_modules/egg-logrotator/app/schedule/rotate_by_file.js
2019-04-08 18:13:55,045 INFO 2452 [egg-schedule]: register schedule /Users/lupin/Documents/workspack/shop/node_modules/egg-logrotator/app/schedule/clean_log.js
2019-04-08 18:13:55,045 INFO 2452 [egg-schedule]: register schedule /Users/lupin/Documents/workspack/shop/node_modules/egg-logrotator/app/schedule/rotate_by_file.js
2019-04-08 18:14:03,380 INFO 2453 [egg-schedule]: register schedule /Users/lupin/Documents/workspack/shop/node_modules/egg-logrotator/app/schedule/clean_log.js
2019-04-08 18:14:03,380 INFO 2453 [egg-schedule]: register schedule /Users/lupin/Documents/workspack/shop/node_modules/egg-logrotator/app/schedule/rotate_by_file.js
2019-04-08 18:14:58,185 INFO 2461 [egg-schedule]: register schedule /Users/lupin/Documents/workspack/shop/node_modules/egg-logrotator/app/schedule/clean_log.js
2019-04-08 18:14:58,185 INFO 2461 [egg-schedule]: register schedule /Users/lupin/Documents/workspack/shop/node_modules/egg-logrotator/app/schedule/rotate_by_file.js
2019-04-08 18:15:39,582 INFO 2466 [egg-schedule]: register schedule /Users/lupin/Documents/workspack/shop/node_modules/egg-logrotator/app/schedule/clean_log.js
2019-04-08 18:15:39,582 INFO 2466 [egg-schedule]: register schedule /Users/lupin/Documents/workspack/shop/node_modules/egg-logrotator/app/schedule/rotate_by_file.js
2019-04-08 18:15:39,993 INFO 2465 [Timer] /Users/lupin/Documents/workspack/shop/node_modules/egg-logrotator/app/schedule/clean_log.js next time will execute after 20660009ms at 2019-04-09 00:00:00.002
2019-04-08 18:15:39,994 INFO 2465 [Timer] /Users/lupin/Documents/workspack/shop/node_modules/egg-logrotator/app/schedule/rotate_by_file.js next time will execute after 20661006ms at 2019-04-09 00:00:01.000
2019-04-08 18:16:36,881 INFO 2474 [egg-schedule]: register schedule /Users/lupin/Documents/workspack/shop/node_modules/egg-logrotator/app/schedule/clean_log.js
2019-04-08 18:16:36,881 INFO 2474 [egg-schedule]: register schedule /Users/lupin/Documents/workspack/shop/node_modules/egg-logrotator/app/schedule/rotate_by_file.js
2019-04-08 18:16:58,342 INFO 2479 [egg-schedule]: register schedule /Users/lupin/Documents/workspack/shop/node_modules/egg-logrotator/app/schedule/clean_log.js
2019-04-08 18:16:58,342 INFO 2479 [egg-schedule]: register schedule /Users/lupin/Documents/workspack/shop/node_modules/egg-logrotator/app/schedule/rotate_by_file.js
2019-04-08 18:16:58,785 INFO 2478 [Timer] /Users/lupin/Documents/workspack/shop/node_modules/egg-logrotator/app/schedule/clean_log.js next time will execute after 20581218ms at 2019-04-09 00:00:00.003
2019-04-08 18:16:58,785 INFO 2478 [Timer] /Users/lupin/Documents/workspack/shop/node_modules/egg-logrotator/app/schedule/rotate_by_file.js next time will execute after 20582215ms at 2019-04-09 00:00:01.000
2019-04-08 18:18:18,424 INFO 2487 [egg-schedule]: register schedule /Users/lupin/Documents/workspack/shop/node_modules/egg-logrotator/app/schedule/clean_log.js
2019-04-08 18:18:18,424 INFO 2487 [egg-schedule]: register schedule /Users/lupin/Documents/workspack/shop/node_modules/egg-logrotator/app/schedule/rotate_by_file.js
2019-04-08 18:18:18,851 INFO 2486 [Timer] /Users/lupin/Documents/workspack/shop/node_modules/egg-logrotator/app/schedule/clean_log.js next time will execute after 20501151ms at 2019-04-09 00:00:00.002
2019-04-08 18:18:18,852 INFO 2486 [Timer] /Users/lupin/Documents/workspack/shop/node_modules/egg-logrotator/app/schedule/rotate_by_file.js next time will execute after 20502149ms at 2019-04-09 00:00:01.001
2019-04-08 18:18:49,283 INFO 2495 [egg-schedule]: register schedule /Users/lupin/Documents/workspack/shop/node_modules/egg-logrotator/app/schedule/clean_log.js
2019-04-08 18:18:49,283 INFO 2495 [egg-schedule]: register schedule /Users/lupin/Documents/workspack/shop/node_modules/egg-logrotator/app/schedule/rotate_by_file.js
2019-04-08 18:18:49,682 INFO 2494 [Timer] /Users/lupin/Documents/workspack/shop/node_modules/egg-logrotator/app/schedule/clean_log.js next time will execute after 20470320ms at 2019-04-09 00:00:00.002
2019-04-08 18:18:49,682 INFO 2494 [Timer] /Users/lupin/Documents/workspack/shop/node_modules/egg-logrotator/app/schedule/rotate_by_file.js next time will execute after 20471318ms at 2019-04-09 00:00:01.000
2019-04-08 18:25:43,090 INFO 2506 [egg-schedule]: register schedule /Users/lupin/Documents/workspack/shop/node_modules/egg-logrotator/app/schedule/clean_log.js
2019-04-08 18:25:43,090 INFO 2506 [egg-schedule]: register schedule /Users/lupin/Documents/workspack/shop/node_modules/egg-logrotator/app/schedule/rotate_by_file.js
2019-04-08 18:25:48,590 INFO 2507 [egg-schedule]: register schedule /Users/lupin/Documents/workspack/shop/node_modules/egg-logrotator/app/schedule/clean_log.js
2019-04-08 18:25:48,590 INFO 2507 [egg-schedule]: register schedule /Users/lupin/Documents/workspack/shop/node_modules/egg-logrotator/app/schedule/rotate_by_file.js
2019-04-08 18:26:19,011 INFO 2509 [egg-schedule]: register schedule /Users/lupin/Documents/workspack/shop/node_modules/egg-logrotator/app/schedule/clean_log.js
2019-04-08 18:26:19,011 INFO 2509 [egg-schedule]: register schedule /Users/lupin/Documents/workspack/shop/node_modules/egg-logrotator/app/schedule/rotate_by_file.js
2019-04-08 18:26:35,621 INFO 2510 [egg-schedule]: register schedule /Users/lupin/Documents/workspack/shop/node_modules/egg-logrotator/app/schedule/clean_log.js
2019-04-08 18:26:35,621 INFO 2510 [egg-schedule]: register schedule /Users/lupin/Documents/workspack/shop/node_modules/egg-logrotator/app/schedule/rotate_by_file.js
2019-04-08 18:26:44,669 INFO 2511 [egg-schedule]: register schedule /Users/lupin/Documents/workspack/shop/node_modules/egg-logrotator/app/schedule/clean_log.js
2019-04-08 18:26:44,669 INFO 2511 [egg-schedule]: register schedule /Users/lupin/Documents/workspack/shop/node_modules/egg-logrotator/app/schedule/rotate_by_file.js
2019-04-08 18:27:08,470 INFO 2512 [egg-schedule]: register schedule /Users/lupin/Documents/workspack/shop/node_modules/egg-logrotator/app/schedule/clean_log.js
2019-04-08 18:27:08,470 INFO 2512 [egg-schedule]: register schedule /Users/lupin/Documents/workspack/shop/node_modules/egg-logrotator/app/schedule/rotate_by_file.js
2019-04-08 18:27:19,639 INFO 2513 [egg-schedule]: register schedule /Users/lupin/Documents/workspack/shop/node_modules/egg-logrotator/app/schedule/clean_log.js
2019-04-08 18:27:19,639 INFO 2513 [egg-schedule]: register schedule /Users/lupin/Documents/workspack/shop/node_modules/egg-logrotator/app/schedule/rotate_by_file.js
2019-04-08 18:27:38,700 INFO 2514 [egg-schedule]: register schedule /Users/lupin/Documents/workspack/shop/node_modules/egg-logrotator/app/schedule/clean_log.js
2019-04-08 18:27:38,700 INFO 2514 [egg-schedule]: register schedule /Users/lupin/Documents/workspack/shop/node_modules/egg-logrotator/app/schedule/rotate_by_file.js
2019-04-08 18:27:54,920 INFO 2515 [egg-schedule]: register schedule /Users/lupin/Documents/workspack/shop/node_modules/egg-logrotator/app/schedule/clean_log.js
2019-04-08 18:27:54,920 INFO 2515 [egg-schedule]: register schedule /Users/lupin/Documents/workspack/shop/node_modules/egg-logrotator/app/schedule/rotate_by_file.js
2019-04-08 18:28:04,426 INFO 2516 [egg-schedule]: register schedule /Users/lupin/Documents/workspack/shop/node_modules/egg-logrotator/app/schedule/clean_log.js
2019-04-08 18:28:04,426 INFO 2516 [egg-schedule]: register schedule /Users/lupin/Documents/workspack/shop/node_modules/egg-logrotator/app/schedule/rotate_by_file.js
2019-04-08 18:28:13,529 INFO 2517 [egg-schedule]: register schedule /Users/lupin/Documents/workspack/shop/node_modules/egg-logrotator/app/schedule/clean_log.js
2019-04-08 18:28:13,529 INFO 2517 [egg-schedule]: register schedule /Users/lupin/Documents/workspack/shop/node_modules/egg-logrotator/app/schedule/rotate_by_file.js
2019-04-08 18:40:19,902 INFO 2525 [egg-schedule]: register schedule /Users/lupin/Documents/workspack/shop/node_modules/egg-logrotator/app/schedule/clean_log.js
2019-04-08 18:40:19,902 INFO 2525 [egg-schedule]: register schedule /Users/lupin/Documents/workspack/shop/node_modules/egg-logrotator/app/schedule/rotate_by_file.js
2019-04-08 18:41:31,765 INFO 2526 [egg-schedule]: register schedule /Users/lupin/Documents/workspack/shop/node_modules/egg-logrotator/app/schedule/clean_log.js
2019-04-08 18:41:31,765 INFO 2526 [egg-schedule]: register schedule /Users/lupin/Documents/workspack/shop/node_modules/egg-logrotator/app/schedule/rotate_by_file.js
2019-04-08 18:41:34,874 INFO 2527 [egg-schedule]: register schedule /Users/lupin/Documents/workspack/shop/node_modules/egg-logrotator/app/schedule/clean_log.js
2019-04-08 18:41:34,874 INFO 2527 [egg-schedule]: register schedule /Users/lupin/Documents/workspack/shop/node_modules/egg-logrotator/app/schedule/rotate_by_file.js
2019-04-08 18:45:48,594 INFO 2533 [egg-schedule]: register schedule /Users/lupin/Documents/workspack/shop/node_modules/egg-logrotator/app/schedule/clean_log.js
2019-04-08 18:45:48,594 INFO 2533 [egg-schedule]: register schedule /Users/lupin/Documents/workspack/shop/node_modules/egg-logrotator/app/schedule/rotate_by_file.js
2019-04-08 18:46:20,443 INFO 2540 [egg-schedule]: register schedule /Users/lupin/Documents/workspack/shop/node_modules/egg-logrotator/app/schedule/clean_log.js
2019-04-08 18:46:20,443 INFO 2540 [egg-schedule]: register schedule /Users/lupin/Documents/workspack/shop/node_modules/egg-logrotator/app/schedule/rotate_by_file.js
2019-04-08 18:46:20,900 INFO 2539 [Timer] /Users/lupin/Documents/workspack/shop/node_modules/egg-logrotator/app/schedule/clean_log.js next time will execute after 18819102ms at 2019-04-09 00:00:00.002
2019-04-08 18:46:20,900 INFO 2539 [Timer] /Users/lupin/Documents/workspack/shop/node_modules/egg-logrotator/app/schedule/rotate_by_file.js next time will execute after 18820100ms at 2019-04-09 00:00:01.000
2019-04-08 19:21:15,036 INFO 2927 [egg-schedule]: register schedule /Users/lupin/Documents/workspack/shop/node_modules/egg-logrotator/app/schedule/clean_log.js
2019-04-08 19:21:15,036 INFO 2927 [egg-schedule]: register schedule /Users/lupin/Documents/workspack/shop/node_modules/egg-logrotator/app/schedule/rotate_by_file.js
2019-04-08 19:21:42,542 INFO 2931 [egg-schedule]: register schedule /Users/lupin/Documents/workspack/shop/node_modules/egg-logrotator/app/schedule/clean_log.js
2019-04-08 19:21:42,542 INFO 2931 [egg-schedule]: register schedule /Users/lupin/Documents/workspack/shop/node_modules/egg-logrotator/app/schedule/rotate_by_file.js
2019-04-08 19:22:32,541 INFO 2937 [egg-schedule]: register schedule /Users/lupin/Documents/workspack/shop/node_modules/egg-logrotator/app/schedule/clean_log.js
2019-04-08 19:22:32,541 INFO 2937 [egg-schedule]: register schedule /Users/lupin/Documents/workspack/shop/node_modules/egg-logrotator/app/schedule/rotate_by_file.js
2019-04-08 19:22:41,247 INFO 2939 [egg-schedule]: register schedule /Users/lupin/Documents/workspack/shop/node_modules/egg-logrotator/app/schedule/clean_log.js
2019-04-08 19:22:41,247 INFO 2939 [egg-schedule]: register schedule /Users/lupin/Documents/workspack/shop/node_modules/egg-logrotator/app/schedule/rotate_by_file.js
2019-04-08 19:22:58,189 INFO 2940 [egg-schedule]: register schedule /Users/lupin/Documents/workspack/shop/node_modules/egg-logrotator/app/schedule/clean_log.js
2019-04-08 19:22:58,189 INFO 2940 [egg-schedule]: register schedule /Users/lupin/Documents/workspack/shop/node_modules/egg-logrotator/app/schedule/rotate_by_file.js
2019-04-08 19:23:42,801 INFO 2942 [egg-schedule]: register schedule /Users/lupin/Documents/workspack/shop/node_modules/egg-logrotator/app/schedule/clean_log.js
2019-04-08 19:23:42,801 INFO 2942 [egg-schedule]: register schedule /Users/lupin/Documents/workspack/shop/node_modules/egg-logrotator/app/schedule/rotate_by_file.js
2019-04-08 19:23:45,517 INFO 2943 [egg-schedule]: register schedule /Users/lupin/Documents/workspack/shop/node_modules/egg-logrotator/app/schedule/clean_log.js
2019-04-08 19:23:45,517 INFO 2943 [egg-schedule]: register schedule /Users/lupin/Documents/workspack/shop/node_modules/egg-logrotator/app/schedule/rotate_by_file.js
2019-04-08 19:24:04,105 INFO 2947 [egg-schedule]: register schedule /Users/lupin/Documents/workspack/shop/node_modules/egg-logrotator/app/schedule/clean_log.js
2019-04-08 19:24:04,105 INFO 2947 [egg-schedule]: register schedule /Users/lupin/Documents/workspack/shop/node_modules/egg-logrotator/app/schedule/rotate_by_file.js
2019-04-08 19:24:09,878 INFO 2948 [egg-schedule]: register schedule /Users/lupin/Documents/workspack/shop/node_modules/egg-logrotator/app/schedule/clean_log.js
2019-04-08 19:24:09,878 INFO 2948 [egg-schedule]: register schedule /Users/lupin/Documents/workspack/shop/node_modules/egg-logrotator/app/schedule/rotate_by_file.js
2019-04-08 19:24:22,572 INFO 2949 [egg-schedule]: register schedule /Users/lupin/Documents/workspack/shop/node_modules/egg-logrotator/app/schedule/clean_log.js
2019-04-08 19:24:22,572 INFO 2949 [egg-schedule]: register schedule /Users/lupin/Documents/workspack/shop/node_modules/egg-logrotator/app/schedule/rotate_by_file.js
2019-04-08 19:24:28,307 INFO 2950 [egg-schedule]: register schedule /Users/lupin/Documents/workspack/shop/node_modules/egg-logrotator/app/schedule/clean_log.js
2019-04-08 19:24:28,307 INFO 2950 [egg-schedule]: register schedule /Users/lupin/Documents/workspack/shop/node_modules/egg-logrotator/app/schedule/rotate_by_file.js
2019-04-08 19:24:41,623 INFO 2951 [egg-schedule]: register schedule /Users/lupin/Documents/workspack/shop/node_modules/egg-logrotator/app/schedule/clean_log.js
2019-04-08 19:24:41,623 INFO 2951 [egg-schedule]: register schedule /Users/lupin/Documents/workspack/shop/node_modules/egg-logrotator/app/schedule/rotate_by_file.js
2019-04-08 19:24:45,946 INFO 2953 [egg-schedule]: register schedule /Users/lupin/Documents/workspack/shop/node_modules/egg-logrotator/app/schedule/clean_log.js
2019-04-08 19:24:45,946 INFO 2953 [egg-schedule]: register schedule /Users/lupin/Documents/workspack/shop/node_modules/egg-logrotator/app/schedule/rotate_by_file.js
2019-04-08 19:24:51,225 INFO 2954 [egg-schedule]: register schedule /Users/lupin/Documents/workspack/shop/node_modules/egg-logrotator/app/schedule/clean_log.js
2019-04-08 19:24:51,226 INFO 2954 [egg-schedule]: register schedule /Users/lupin/Documents/workspack/shop/node_modules/egg-logrotator/app/schedule/rotate_by_file.js
2019-04-08 19:24:58,552 INFO 2956 [egg-schedule]: register schedule /Users/lupin/Documents/workspack/shop/node_modules/egg-logrotator/app/schedule/clean_log.js
2019-04-08 19:24:58,552 INFO 2956 [egg-schedule]: register schedule /Users/lupin/Documents/workspack/shop/node_modules/egg-logrotator/app/schedule/rotate_by_file.js
2019-04-08 19:25:02,328 INFO 2957 [egg-schedule]: register schedule /Users/lupin/Documents/workspack/shop/node_modules/egg-logrotator/app/schedule/clean_log.js
2019-04-08 19:25:02,328 INFO 2957 [egg-schedule]: register schedule /Users/lupin/Documents/workspack/shop/node_modules/egg-logrotator/app/schedule/rotate_by_file.js
2019-04-08 19:25:13,587 INFO 2958 [egg-schedule]: register schedule /Users/lupin/Documents/workspack/shop/node_modules/egg-logrotator/app/schedule/clean_log.js
2019-04-08 19:25:13,587 INFO 2958 [egg-schedule]: register schedule /Users/lupin/Documents/workspack/shop/node_modules/egg-logrotator/app/schedule/rotate_by_file.js
2019-04-08 19:25:23,461 INFO 2959 [egg-schedule]: register schedule /Users/lupin/Documents/workspack/shop/node_modules/egg-logrotator/app/schedule/clean_log.js
2019-04-08 19:25:23,461 INFO 2959 [egg-schedule]: register schedule /Users/lupin/Documents/workspack/shop/node_modules/egg-logrotator/app/schedule/rotate_by_file.js
2019-04-08 19:25:34,481 INFO 2960 [egg-schedule]: register schedule /Users/lupin/Documents/workspack/shop/node_modules/egg-logrotator/app/schedule/clean_log.js
2019-04-08 19:25:34,481 INFO 2960 [egg-schedule]: register schedule /Users/lupin/Documents/workspack/shop/node_modules/egg-logrotator/app/schedule/rotate_by_file.js
2019-04-08 19:25:44,218 INFO 2964 [egg-schedule]: register schedule /Users/lupin/Documents/workspack/shop/node_modules/egg-logrotator/app/schedule/clean_log.js
2019-04-08 19:25:44,218 INFO 2964 [egg-schedule]: register schedule /Users/lupin/Documents/workspack/shop/node_modules/egg-logrotator/app/schedule/rotate_by_file.js
2019-04-08 19:25:54,126 INFO 2965 [egg-schedule]: register schedule /Users/lupin/Documents/workspack/shop/node_modules/egg-logrotator/app/schedule/clean_log.js
2019-04-08 19:25:54,126 INFO 2965 [egg-schedule]: register schedule /Users/lupin/Documents/workspack/shop/node_modules/egg-logrotator/app/schedule/rotate_by_file.js
2019-04-08 19:26:10,929 INFO 2966 [egg-schedule]: register schedule /Users/lupin/Documents/workspack/shop/node_modules/egg-logrotator/app/schedule/clean_log.js
2019-04-08 19:26:10,930 INFO 2966 [egg-schedule]: register schedule /Users/lupin/Documents/workspack/shop/node_modules/egg-logrotator/app/schedule/rotate_by_file.js
2019-04-08 19:26:53,591 INFO 2974 [egg-schedule]: register schedule /Users/lupin/Documents/workspack/shop/node_modules/egg-logrotator/app/schedule/clean_log.js
2019-04-08 19:26:53,591 INFO 2974 [egg-schedule]: register schedule /Users/lupin/Documents/workspack/shop/node_modules/egg-logrotator/app/schedule/rotate_by_file.js
2019-04-08 19:26:54,860 INFO 2975 [egg-schedule]: register schedule /Users/lupin/Documents/workspack/shop/node_modules/egg-logrotator/app/schedule/clean_log.js
2019-04-08 19:26:54,860 INFO 2975 [egg-schedule]: register schedule /Users/lupin/Documents/workspack/shop/node_modules/egg-logrotator/app/schedule/rotate_by_file.js
2019-04-08 19:27:09,808 INFO 2976 [egg-schedule]: register schedule /Users/lupin/Documents/workspack/shop/node_modules/egg-logrotator/app/schedule/clean_log.js
2019-04-08 19:27:09,808 INFO 2976 [egg-schedule]: register schedule /Users/lupin/Documents/workspack/shop/node_modules/egg-logrotator/app/schedule/rotate_by_file.js
2019-04-08 19:28:34,304 INFO 2978 [egg-schedule]: register schedule /Users/lupin/Documents/workspack/shop/node_modules/egg-logrotator/app/schedule/clean_log.js
2019-04-08 19:28:34,304 INFO 2978 [egg-schedule]: register schedule /Users/lupin/Documents/workspack/shop/node_modules/egg-logrotator/app/schedule/rotate_by_file.js
2019-04-08 19:29:02,508 INFO 2979 [egg-schedule]: register schedule /Users/lupin/Documents/workspack/shop/node_modules/egg-logrotator/app/schedule/clean_log.js
2019-04-08 19:29:02,508 INFO 2979 [egg-schedule]: register schedule /Users/lupin/Documents/workspack/shop/node_modules/egg-logrotator/app/schedule/rotate_by_file.js
2019-04-08 19:29:21,482 INFO 2980 [egg-schedule]: register schedule /Users/lupin/Documents/workspack/shop/node_modules/egg-logrotator/app/schedule/clean_log.js
2019-04-08 19:29:21,482 INFO 2980 [egg-schedule]: register schedule /Users/lupin/Documents/workspack/shop/node_modules/egg-logrotator/app/schedule/rotate_by_file.js
2019-04-08 19:29:49,559 INFO 2981 [egg-schedule]: register schedule /Users/lupin/Documents/workspack/shop/node_modules/egg-logrotator/app/schedule/clean_log.js
2019-04-08 19:29:49,559 INFO 2981 [egg-schedule]: register schedule /Users/lupin/Documents/workspack/shop/node_modules/egg-logrotator/app/schedule/rotate_by_file.js
2019-04-08 19:30:25,769 INFO 2983 [egg-schedule]: register schedule /Users/lupin/Documents/workspack/shop/node_modules/egg-logrotator/app/schedule/clean_log.js
2019-04-08 19:30:25,769 INFO 2983 [egg-schedule]: register schedule /Users/lupin/Documents/workspack/shop/node_modules/egg-logrotator/app/schedule/rotate_by_file.js
2019-04-08 19:31:13,978 INFO 2984 [egg-schedule]: register schedule /Users/lupin/Documents/workspack/shop/node_modules/egg-logrotator/app/schedule/clean_log.js
2019-04-08 19:31:13,978 INFO 2984 [egg-schedule]: register schedule /Users/lupin/Documents/workspack/shop/node_modules/egg-logrotator/app/schedule/rotate_by_file.js
2019-04-08 19:31:29,763 INFO 2985 [egg-schedule]: register schedule /Users/lupin/Documents/workspack/shop/node_modules/egg-logrotator/app/schedule/clean_log.js
2019-04-08 19:31:29,763 INFO 2985 [egg-schedule]: register schedule /Users/lupin/Documents/workspack/shop/node_modules/egg-logrotator/app/schedule/rotate_by_file.js
2019-04-08 19:32:19,818 INFO 2988 [egg-schedule]: register schedule /Users/lupin/Documents/workspack/shop/node_modules/egg-logrotator/app/schedule/clean_log.js
2019-04-08 19:32:19,818 INFO 2988 [egg-schedule]: register schedule /Users/lupin/Documents/workspack/shop/node_modules/egg-logrotator/app/schedule/rotate_by_file.js
2019-04-08 19:32:21,294 INFO 2989 [egg-schedule]: register schedule /Users/lupin/Documents/workspack/shop/node_modules/egg-logrotator/app/schedule/clean_log.js
2019-04-08 19:32:21,294 INFO 2989 [egg-schedule]: register schedule /Users/lupin/Documents/workspack/shop/node_modules/egg-logrotator/app/schedule/rotate_by_file.js
2019-04-08 19:33:47,114 INFO 2999 [egg-schedule]: register schedule /Users/lupin/Documents/workspack/shop/node_modules/egg-logrotator/app/schedule/clean_log.js
2019-04-08 19:33:47,114 INFO 2999 [egg-schedule]: register schedule /Users/lupin/Documents/workspack/shop/node_modules/egg-logrotator/app/schedule/rotate_by_file.js
2019-04-08 19:33:47,584 INFO 2998 [Timer] /Users/lupin/Documents/workspack/shop/node_modules/egg-logrotator/app/schedule/clean_log.js next time will execute after 15972418ms at 2019-04-09 00:00:00.002
2019-04-08 19:33:47,584 INFO 2998 [Timer] /Users/lupin/Documents/workspack/shop/node_modules/egg-logrotator/app/schedule/rotate_by_file.js next time will execute after 15973416ms at 2019-04-09 00:00:01.000
2019-04-08 19:35:04,392 INFO 3001 [egg-schedule]: register schedule /Users/lupin/Documents/workspack/shop/node_modules/egg-logrotator/app/schedule/clean_log.js
2019-04-08 19:35:04,392 INFO 3001 [egg-schedule]: register schedule /Users/lupin/Documents/workspack/shop/node_modules/egg-logrotator/app/schedule/rotate_by_file.js
2019-04-08 19:35:56,300 INFO 3009 [egg-schedule]: register schedule /Users/lupin/Documents/workspack/shop/node_modules/egg-logrotator/app/schedule/clean_log.js
2019-04-08 19:35:56,300 INFO 3009 [egg-schedule]: register schedule /Users/lupin/Documents/workspack/shop/node_modules/egg-logrotator/app/schedule/rotate_by_file.js
2019-04-08 19:35:56,812 INFO 3008 [Timer] /Users/lupin/Documents/workspack/shop/node_modules/egg-logrotator/app/schedule/clean_log.js next time will execute after 15843191ms at 2019-04-09 00:00:00.003
2019-04-08 19:35:56,812 INFO 3008 [Timer] /Users/lupin/Documents/workspack/shop/node_modules/egg-logrotator/app/schedule/rotate_by_file.js next time will execute after 15844188ms at 2019-04-09 00:00:01.000
2019-04-08 19:37:20,563 INFO 3010 [egg-schedule]: register schedule /Users/lupin/Documents/workspack/shop/node_modules/egg-logrotator/app/schedule/clean_log.js
2019-04-08 19:37:20,563 INFO 3010 [egg-schedule]: register schedule /Users/lupin/Documents/workspack/shop/node_modules/egg-logrotator/app/schedule/rotate_by_file.js
2019-04-08 20:20:33,739 INFO 3409 [egg-schedule]: register schedule /Users/lupin/Documents/workspack/shop/node_modules/egg-logrotator/app/schedule/clean_log.js
2019-04-08 20:20:33,739 INFO 3409 [egg-schedule]: register schedule /Users/lupin/Documents/workspack/shop/node_modules/egg-logrotator/app/schedule/rotate_by_file.js
2019-04-08 20:22:45,715 INFO 3432 [egg-schedule]: register schedule /Users/lupin/Documents/workspack/shop/node_modules/egg-logrotator/app/schedule/clean_log.js
2019-04-08 20:22:45,715 INFO 3432 [egg-schedule]: register schedule /Users/lupin/Documents/workspack/shop/node_modules/egg-logrotator/app/schedule/rotate_by_file.js
2019-04-08 20:22:46,265 INFO 3431 [Timer] /Users/lupin/Documents/workspack/shop/node_modules/egg-logrotator/app/schedule/clean_log.js next time will execute after 13033738ms at 2019-04-09 00:00:00.003
2019-04-08 20:22:46,265 INFO 3431 [Timer] /Users/lupin/Documents/workspack/shop/node_modules/egg-logrotator/app/schedule/rotate_by_file.js next time will execute after 13034735ms at 2019-04-09 00:00:01.000
2019-04-09 13:02:23,745 INFO 1035 [Timer] /Users/lupin/Documents/workspack/shop/node_modules/egg-logrotator/app/schedule/clean_log.js next time will execute after 39456258ms at 2019-04-10 00:00:00.003
2019-04-09 13:02:23,745 INFO 1035 [Timer] /Users/lupin/Documents/workspack/shop/node_modules/egg-logrotator/app/schedule/rotate_by_file.js next time will execute after 39457255ms at 2019-04-10 00:00:01.000
2019-04-09 13:02:23,072 INFO 1036 [egg-schedule]: register schedule /Users/lupin/Documents/workspack/shop/node_modules/egg-logrotator/app/schedule/clean_log.js
2019-04-09 13:02:23,072 INFO 1036 [egg-schedule]: register schedule /Users/lupin/Documents/workspack/shop/node_modules/egg-logrotator/app/schedule/rotate_by_file.js
2019-04-09 13:03:08,932 INFO 1037 [egg-schedule]: register schedule /Users/lupin/Documents/workspack/shop/node_modules/egg-logrotator/app/schedule/clean_log.js
2019-04-09 13:03:08,932 INFO 1037 [egg-schedule]: register schedule /Users/lupin/Documents/workspack/shop/node_modules/egg-logrotator/app/schedule/rotate_by_file.js
2019-04-09 13:03:13,012 INFO 1039 [egg-schedule]: register schedule /Users/lupin/Documents/workspack/shop/node_modules/egg-logrotator/app/schedule/clean_log.js
2019-04-09 13:03:13,013 INFO 1039 [egg-schedule]: register schedule /Users/lupin/Documents/workspack/shop/node_modules/egg-logrotator/app/schedule/rotate_by_file.js
2019-04-09 13:03:18,300 INFO 1047 [egg-schedule]: register schedule /Users/lupin/Documents/workspack/shop/node_modules/egg-logrotator/app/schedule/clean_log.js
2019-04-09 13:03:18,300 INFO 1047 [egg-schedule]: register schedule /Users/lupin/Documents/workspack/shop/node_modules/egg-logrotator/app/schedule/rotate_by_file.js
2019-04-09 13:04:00,060 INFO 1055 [egg-schedule]: register schedule /Users/lupin/Documents/workspack/shop/node_modules/egg-logrotator/app/schedule/clean_log.js
2019-04-09 13:04:00,060 INFO 1055 [egg-schedule]: register schedule /Users/lupin/Documents/workspack/shop/node_modules/egg-logrotator/app/schedule/rotate_by_file.js
2019-04-09 13:04:00,592 INFO 1054 [Timer] /Users/lupin/Documents/workspack/shop/node_modules/egg-logrotator/app/schedule/clean_log.js next time will execute after 39359411ms at 2019-04-10 00:00:00.003
2019-04-09 13:04:00,593 INFO 1054 [Timer] /Users/lupin/Documents/workspack/shop/node_modules/egg-logrotator/app/schedule/rotate_by_file.js next time will execute after 39360408ms at 2019-04-10 00:00:01.001
2019-04-09 13:08:25,376 INFO 1067 [egg-schedule]: register schedule /Users/lupin/Documents/workspack/shop/node_modules/egg-logrotator/app/schedule/clean_log.js
2019-04-09 13:08:25,376 INFO 1067 [egg-schedule]: register schedule /Users/lupin/Documents/workspack/shop/node_modules/egg-logrotator/app/schedule/rotate_by_file.js
2019-04-09 13:08:25,914 INFO 1066 [Timer] /Users/lupin/Documents/workspack/shop/node_modules/egg-logrotator/app/schedule/clean_log.js next time will execute after 39094090ms at 2019-04-10 00:00:00.004
2019-04-09 13:08:25,914 INFO 1066 [Timer] /Users/lupin/Documents/workspack/shop/node_modules/egg-logrotator/app/schedule/rotate_by_file.js next time will execute after 39095086ms at 2019-04-10 00:00:01.000
2019-04-09 13:27:16,204 INFO 1075 [egg-schedule]: register schedule /Users/lupin/Documents/workspack/shop/node_modules/egg-logrotator/app/schedule/clean_log.js
2019-04-09 13:27:16,204 INFO 1075 [egg-schedule]: register schedule /Users/lupin/Documents/workspack/shop/node_modules/egg-logrotator/app/schedule/rotate_by_file.js
2019-04-09 13:27:28,510 INFO 1077 [egg-schedule]: register schedule /Users/lupin/Documents/workspack/shop/node_modules/egg-logrotator/app/schedule/clean_log.js
2019-04-09 13:27:28,510 INFO 1077 [egg-schedule]: register schedule /Users/lupin/Documents/workspack/shop/node_modules/egg-logrotator/app/schedule/rotate_by_file.js
2019-04-09 13:28:12,028 INFO 1078 [egg-schedule]: register schedule /Users/lupin/Documents/workspack/shop/node_modules/egg-logrotator/app/schedule/clean_log.js
2019-04-09 13:28:12,028 INFO 1078 [egg-schedule]: register schedule /Users/lupin/Documents/workspack/shop/node_modules/egg-logrotator/app/schedule/rotate_by_file.js
2019-04-09 13:29:07,022 INFO 1080 [egg-schedule]: register schedule /Users/lupin/Documents/workspack/shop/node_modules/egg-logrotator/app/schedule/clean_log.js
2019-04-09 13:29:07,022 INFO 1080 [egg-schedule]: register schedule /Users/lupin/Documents/workspack/shop/node_modules/egg-logrotator/app/schedule/rotate_by_file.js
2019-04-09 13:29:22,439 INFO 1081 [egg-schedule]: register schedule /Users/lupin/Documents/workspack/shop/node_modules/egg-logrotator/app/schedule/clean_log.js
2019-04-09 13:29:22,439 INFO 1081 [egg-schedule]: register schedule /Users/lupin/Documents/workspack/shop/node_modules/egg-logrotator/app/schedule/rotate_by_file.js
2019-04-09 13:29:48,186 INFO 1082 [egg-schedule]: register schedule /Users/lupin/Documents/workspack/shop/node_modules/egg-logrotator/app/schedule/clean_log.js
2019-04-09 13:29:48,186 INFO 1082 [egg-schedule]: register schedule /Users/lupin/Documents/workspack/shop/node_modules/egg-logrotator/app/schedule/rotate_by_file.js
2019-04-09 13:30:40,985 INFO 1084 [egg-schedule]: register schedule /Users/lupin/Documents/workspack/shop/node_modules/egg-logrotator/app/schedule/clean_log.js
2019-04-09 13:30:40,985 INFO 1084 [egg-schedule]: register schedule /Users/lupin/Documents/workspack/shop/node_modules/egg-logrotator/app/schedule/rotate_by_file.js
2019-04-09 13:30:53,383 INFO 1085 [egg-schedule]: register schedule /Users/lupin/Documents/workspack/shop/node_modules/egg-logrotator/app/schedule/clean_log.js
2019-04-09 13:30:53,383 INFO 1085 [egg-schedule]: register schedule /Users/lupin/Documents/workspack/shop/node_modules/egg-logrotator/app/schedule/rotate_by_file.js
2019-04-09 13:31:13,705 INFO 1086 [egg-schedule]: register schedule /Users/lupin/Documents/workspack/shop/node_modules/egg-logrotator/app/schedule/clean_log.js
2019-04-09 13:31:13,705 INFO 1086 [egg-schedule]: register schedule /Users/lupin/Documents/workspack/shop/node_modules/egg-logrotator/app/schedule/rotate_by_file.js
2019-04-09 13:31:22,910 INFO 1087 [egg-schedule]: register schedule /Users/lupin/Documents/workspack/shop/node_modules/egg-logrotator/app/schedule/clean_log.js
2019-04-09 13:31:22,910 INFO 1087 [egg-schedule]: register schedule /Users/lupin/Documents/workspack/shop/node_modules/egg-logrotator/app/schedule/rotate_by_file.js
2019-04-09 13:31:33,224 INFO 1088 [egg-schedule]: register schedule /Users/lupin/Documents/workspack/shop/node_modules/egg-logrotator/app/schedule/clean_log.js
2019-04-09 13:31:33,224 INFO 1088 [egg-schedule]: register schedule /Users/lupin/Documents/workspack/shop/node_modules/egg-logrotator/app/schedule/rotate_by_file.js
2019-04-09 13:31:39,634 INFO 1091 [egg-schedule]: register schedule /Users/lupin/Documents/workspack/shop/node_modules/egg-logrotator/app/schedule/clean_log.js
2019-04-09 13:31:39,634 INFO 1091 [egg-schedule]: register schedule /Users/lupin/Documents/workspack/shop/node_modules/egg-logrotator/app/schedule/rotate_by_file.js
2019-04-09 13:31:51,883 INFO 1094 [egg-schedule]: register schedule /Users/lupin/Documents/workspack/shop/node_modules/egg-logrotator/app/schedule/clean_log.js
2019-04-09 13:31:51,883 INFO 1094 [egg-schedule]: register schedule /Users/lupin/Documents/workspack/shop/node_modules/egg-logrotator/app/schedule/rotate_by_file.js
2019-04-09 13:32:02,605 INFO 1095 [egg-schedule]: register schedule /Users/lupin/Documents/workspack/shop/node_modules/egg-logrotator/app/schedule/clean_log.js
2019-04-09 13:32:02,605 INFO 1095 [egg-schedule]: register schedule /Users/lupin/Documents/workspack/shop/node_modules/egg-logrotator/app/schedule/rotate_by_file.js
2019-04-09 13:32:16,974 INFO 1096 [egg-schedule]: register schedule /Users/lupin/Documents/workspack/shop/node_modules/egg-logrotator/app/schedule/clean_log.js
2019-04-09 13:32:16,974 INFO 1096 [egg-schedule]: register schedule /Users/lupin/Documents/workspack/shop/node_modules/egg-logrotator/app/schedule/rotate_by_file.js
2019-04-09 13:32:41,137 INFO 1097 [egg-schedule]: register schedule /Users/lupin/Documents/workspack/shop/node_modules/egg-logrotator/app/schedule/clean_log.js
2019-04-09 13:32:41,137 INFO 1097 [egg-schedule]: register schedule /Users/lupin/Documents/workspack/shop/node_modules/egg-logrotator/app/schedule/rotate_by_file.js
2019-04-09 13:33:10,612 INFO 1098 [egg-schedule]: register schedule /Users/lupin/Documents/workspack/shop/node_modules/egg-logrotator/app/schedule/clean_log.js
2019-04-09 13:33:10,612 INFO 1098 [egg-schedule]: register schedule /Users/lupin/Documents/workspack/shop/node_modules/egg-logrotator/app/schedule/rotate_by_file.js
2019-04-09 13:33:45,018 INFO 1099 [egg-schedule]: register schedule /Users/lupin/Documents/workspack/shop/node_modules/egg-logrotator/app/schedule/clean_log.js
2019-04-09 13:33:45,018 INFO 1099 [egg-schedule]: register schedule /Users/lupin/Documents/workspack/shop/node_modules/egg-logrotator/app/schedule/rotate_by_file.js
2019-04-09 13:33:51,353 INFO 1100 [egg-schedule]: register schedule /Users/lupin/Documents/workspack/shop/node_modules/egg-logrotator/app/schedule/clean_log.js
2019-04-09 13:33:51,353 INFO 1100 [egg-schedule]: register schedule /Users/lupin/Documents/workspack/shop/node_modules/egg-logrotator/app/schedule/rotate_by_file.js
2019-04-09 13:34:01,748 INFO 1101 [egg-schedule]: register schedule /Users/lupin/Documents/workspack/shop/node_modules/egg-logrotator/app/schedule/clean_log.js
2019-04-09 13:34:01,748 INFO 1101 [egg-schedule]: register schedule /Users/lupin/Documents/workspack/shop/node_modules/egg-logrotator/app/schedule/rotate_by_file.js
2019-04-09 13:34:20,707 INFO 1102 [egg-schedule]: register schedule /Users/lupin/Documents/workspack/shop/node_modules/egg-logrotator/app/schedule/clean_log.js
2019-04-09 13:34:20,707 INFO 1102 [egg-schedule]: register schedule /Users/lupin/Documents/workspack/shop/node_modules/egg-logrotator/app/schedule/rotate_by_file.js
2019-04-09 13:34:25,225 INFO 1103 [egg-schedule]: register schedule /Users/lupin/Documents/workspack/shop/node_modules/egg-logrotator/app/schedule/clean_log.js
2019-04-09 13:34:25,225 INFO 1103 [egg-schedule]: register schedule /Users/lupin/Documents/workspack/shop/node_modules/egg-logrotator/app/schedule/rotate_by_file.js
2019-04-09 13:34:33,986 INFO 1104 [egg-schedule]: register schedule /Users/lupin/Documents/workspack/shop/node_modules/egg-logrotator/app/schedule/clean_log.js
2019-04-09 13:34:33,986 INFO 1104 [egg-schedule]: register schedule /Users/lupin/Documents/workspack/shop/node_modules/egg-logrotator/app/schedule/rotate_by_file.js
2019-04-09 13:34:40,654 INFO 1105 [egg-schedule]: register schedule /Users/lupin/Documents/workspack/shop/node_modules/egg-logrotator/app/schedule/clean_log.js
2019-04-09 13:34:40,654 INFO 1105 [egg-schedule]: register schedule /Users/lupin/Documents/workspack/shop/node_modules/egg-logrotator/app/schedule/rotate_by_file.js
2019-04-09 13:34:59,503 INFO 1106 [egg-schedule]: register schedule /Users/lupin/Documents/workspack/shop/node_modules/egg-logrotator/app/schedule/clean_log.js
2019-04-09 13:34:59,503 INFO 1106 [egg-schedule]: register schedule /Users/lupin/Documents/workspack/shop/node_modules/egg-logrotator/app/schedule/rotate_by_file.js
2019-04-09 13:35:01,893 INFO 1107 [egg-schedule]: register schedule /Users/lupin/Documents/workspack/shop/node_modules/egg-logrotator/app/schedule/clean_log.js
2019-04-09 13:35:01,893 INFO 1107 [egg-schedule]: register schedule /Users/lupin/Documents/workspack/shop/node_modules/egg-logrotator/app/schedule/rotate_by_file.js
2019-04-09 13:35:18,844 INFO 1108 [egg-schedule]: register schedule /Users/lupin/Documents/workspack/shop/node_modules/egg-logrotator/app/schedule/clean_log.js
2019-04-09 13:35:18,844 INFO 1108 [egg-schedule]: register schedule /Users/lupin/Documents/workspack/shop/node_modules/egg-logrotator/app/schedule/rotate_by_file.js
2019-04-09 13:35:26,180 INFO 1109 [egg-schedule]: register schedule /Users/lupin/Documents/workspack/shop/node_modules/egg-logrotator/app/schedule/clean_log.js
2019-04-09 13:35:26,180 INFO 1109 [egg-schedule]: register schedule /Users/lupin/Documents/workspack/shop/node_modules/egg-logrotator/app/schedule/rotate_by_file.js
2019-04-09 13:35:33,283 INFO 1110 [egg-schedule]: register schedule /Users/lupin/Documents/workspack/shop/node_modules/egg-logrotator/app/schedule/clean_log.js
2019-04-09 13:35:33,283 INFO 1110 [egg-schedule]: register schedule /Users/lupin/Documents/workspack/shop/node_modules/egg-logrotator/app/schedule/rotate_by_file.js
2019-04-09 13:36:12,117 INFO 1111 [egg-schedule]: register schedule /Users/lupin/Documents/workspack/shop/node_modules/egg-logrotator/app/schedule/clean_log.js
2019-04-09 13:36:12,117 INFO 1111 [egg-schedule]: register schedule /Users/lupin/Documents/workspack/shop/node_modules/egg-logrotator/app/schedule/rotate_by_file.js
2019-04-09 13:36:28,671 INFO 1112 [egg-schedule]: register schedule /Users/lupin/Documents/workspack/shop/node_modules/egg-logrotator/app/schedule/clean_log.js
2019-04-09 13:36:28,671 INFO 1112 [egg-schedule]: register schedule /Users/lupin/Documents/workspack/shop/node_modules/egg-logrotator/app/schedule/rotate_by_file.js
2019-04-09 13:44:38,407 INFO 1114 [egg-schedule]: register schedule /Users/lupin/Documents/workspack/shop/node_modules/egg-logrotator/app/schedule/clean_log.js
2019-04-09 13:44:38,407 INFO 1114 [egg-schedule]: register schedule /Users/lupin/Documents/workspack/shop/node_modules/egg-logrotator/app/schedule/rotate_by_file.js
2019-04-09 13:45:12,457 INFO 1115 [egg-schedule]: register schedule /Users/lupin/Documents/workspack/shop/node_modules/egg-logrotator/app/schedule/clean_log.js
2019-04-09 13:45:12,457 INFO 1115 [egg-schedule]: register schedule /Users/lupin/Documents/workspack/shop/node_modules/egg-logrotator/app/schedule/rotate_by_file.js
2019-04-09 14:02:45,262 INFO 1128 [egg-schedule]: register schedule /Users/lupin/Documents/workspack/shop/node_modules/egg-logrotator/app/schedule/clean_log.js
2019-04-09 14:02:45,262 INFO 1128 [egg-schedule]: register schedule /Users/lupin/Documents/workspack/shop/node_modules/egg-logrotator/app/schedule/rotate_by_file.js
2019-04-09 14:03:27,014 INFO 1129 [egg-schedule]: register schedule /Users/lupin/Documents/workspack/shop/node_modules/egg-logrotator/app/schedule/clean_log.js
2019-04-09 14:03:27,014 INFO 1129 [egg-schedule]: register schedule /Users/lupin/Documents/workspack/shop/node_modules/egg-logrotator/app/schedule/rotate_by_file.js
